2019-04-06 13:36:21 INFO web_tables.py starting up
2019-04-06 13:36:21 INFO 

Copyright (c) 2016, 2017, 2018, 2019
	The Regents of the K0USY Group. All rights reserved.

2019-04-06 13:36:21 INFO ID ALIAS MAPPER: 'peer_ids.json' is current, not downloaded
2019-04-06 13:36:21 INFO ID ALIAS MAPPER: 'subscriber_ids.json' is current, not downloaded
2019-04-06 13:36:21 INFO ID ALIAS MAPPER: peer_ids dictionary is available
2019-04-06 13:36:23 INFO ID ALIAS MAPPER: subscriber_ids dictionary is available
2019-04-06 13:36:23 INFO CLIENT TIMEOUT: List does not exist, skipping. If this message persists, contact the developer
2019-04-06 13:36:23 INFO reportClient object for connecting to HBlink.py created at: <__main__.reportClientFactory instance at 0x7f50681057a0>
2019-04-06 13:36:23 INFO Initiating Connection to Server.
2019-04-06 13:36:23 INFO Connected.
2019-04-06 13:36:23 INFO Resetting reconnection delay
2019-04-06 13:36:32 INFO static website requested: <Request at 0x7f506bd0b7a0 method=GET uri=/ clientproto=HTTP/1.1>
2019-04-06 13:36:32 INFO static website requested: <Request at 0x7f506bd0b290 method=GET uri=/favicon.ico clientproto=HTTP/1.1>
2019-04-06 13:36:33 INFO Client connecting: tcp4:127.0.0.1:54982
2019-04-06 13:36:33 INFO WebSocket connection open.
2019-04-06 13:36:33 INFO registered client tcp4:127.0.0.1:54982
2019-04-06 13:41:33 INFO TIMEOUT: disconnecting client 1554550593.17
2019-04-06 13:41:33 INFO WebSocket connection closed: None
2019-04-06 13:41:33 INFO unregistered client tcp4:127.0.0.1:54982
2019-04-06 15:02:03 INFO static website requested: <Request at 0x7f506bd80248 method=GET uri=/ clientproto=HTTP/1.1>
2019-04-06 15:02:04 INFO Client connecting: tcp4:127.0.0.1:55084
2019-04-06 15:02:04 INFO WebSocket connection open.
2019-04-06 15:02:04 INFO registered client tcp4:127.0.0.1:55084
2019-04-06 15:07:13 INFO TIMEOUT: disconnecting client 1554555724.03
2019-04-06 15:07:13 INFO WebSocket connection closed: None
2019-04-06 15:07:13 INFO unregistered client tcp4:127.0.0.1:55084
2019-04-06 15:12:59 INFO Lost connection.  Reason: [Failure instance: Traceback (failure with no frames): <class 'twisted.internet.error.ConnectionDone'>: Connection was closed cleanly.
]
2019-04-06 15:13:02 INFO Initiating Connection to Server.
2019-04-06 15:13:02 INFO Connection failed. Reason: [Failure instance: Traceback (failure with no frames): <class 'twisted.internet.error.ConnectionRefusedError'>: Connection was refused by other side: 111: Connection refused.
]
2019-04-06 15:27:28 INFO web_tables.py starting up
2019-04-06 15:27:28 INFO 

Copyright (c) 2016, 2017, 2018, 2019
	The Regents of the K0USY Group. All rights reserved.

2019-04-06 15:27:28 INFO ID ALIAS MAPPER: 'peer_ids.json' is current, not downloaded
2019-04-06 15:27:28 INFO ID ALIAS MAPPER: 'subscriber_ids.json' is current, not downloaded
2019-04-06 15:27:29 INFO ID ALIAS MAPPER: peer_ids dictionary is available
2019-04-06 15:27:31 INFO ID ALIAS MAPPER: subscriber_ids dictionary is available
2019-04-06 15:27:32 INFO CLIENT TIMEOUT: List does not exist, skipping. If this message persists, contact the developer
2019-04-06 15:27:32 INFO reportClient object for connecting to HBlink.py created at: <__main__.reportClientFactory instance at 0x7f532d3457a0>
2019-04-06 15:27:32 INFO Initiating Connection to Server.
2019-04-06 15:27:32 INFO Connection failed. Reason: [Failure instance: Traceback (failure with no frames): <class 'twisted.internet.error.ConnectionRefusedError'>: Connection was refused by other side: 111: Connection refused.
]
2019-04-06 15:27:34 INFO Initiating Connection to Server.
2019-04-06 15:27:34 INFO Connection failed. Reason: [Failure instance: Traceback (failure with no frames): <class 'twisted.internet.error.ConnectionRefusedError'>: Connection was refused by other side: 111: Connection refused.
]
2019-04-06 15:27:39 INFO Initiating Connection to Server.
2019-04-06 15:27:39 INFO Connection failed. Reason: [Failure instance: Traceback (failure with no frames): <class 'twisted.internet.error.ConnectionRefusedError'>: Connection was refused by other side: 111: Connection refused.
]
2019-04-06 15:27:51 INFO Initiating Connection to Server.
2019-04-06 15:27:51 INFO Connection failed. Reason: [Failure instance: Traceback (failure with no frames): <class 'twisted.internet.error.ConnectionRefusedError'>: Connection was refused by other side: 111: Connection refused.
]
2019-04-06 15:28:23 INFO Initiating Connection to Server.
2019-04-06 15:28:23 INFO Connected.
2019-04-06 15:28:23 INFO Resetting reconnection delay
2019-04-06 15:28:30 INFO static website requested: <Request at 0x7f5330f4bb00 method=GET uri=/ clientproto=HTTP/1.1>
2019-04-06 15:28:31 INFO static website requested: <Request at 0x7f5330f4bab8 method=GET uri=/favicon.ico clientproto=HTTP/1.1>
2019-04-06 15:28:31 INFO Client connecting: tcp4:127.0.0.1:56698
2019-04-06 15:28:31 INFO WebSocket connection open.
2019-04-06 15:28:31 INFO registered client tcp4:127.0.0.1:56698
2019-04-06 15:29:08 INFO Lost connection.  Reason: [Failure instance: Traceback (failure with no frames): <type 'exceptions.TypeError'>: int() argument must be a string or a number, not 'NoneType'
]
2019-04-06 15:29:11 INFO Initiating Connection to Server.
2019-04-06 15:29:11 INFO Connected.
2019-04-06 15:29:11 INFO Resetting reconnection delay
2019-04-06 15:30:08 INFO Lost connection.  Reason: [Failure instance: Traceback (failure with no frames): <type 'exceptions.TypeError'>: int() argument must be a string or a number, not 'NoneType'
]
2019-04-06 15:30:11 INFO Initiating Connection to Server.
2019-04-06 15:30:11 INFO Connected.
2019-04-06 15:30:11 INFO Resetting reconnection delay
2019-04-06 15:31:08 INFO Lost connection.  Reason: [Failure instance: Traceback (failure with no frames): <type 'exceptions.TypeError'>: int() argument must be a string or a number, not 'NoneType'
]
2019-04-06 15:31:11 INFO Initiating Connection to Server.
2019-04-06 15:31:11 INFO Connected.
2019-04-06 15:31:11 INFO Resetting reconnection delay
2019-04-06 15:31:12 INFO Lost connection.  Reason: [Failure instance: Traceback (failure with no frames): <class 'twisted.internet.error.ConnectionDone'>: Connection was closed cleanly.
]
2019-04-06 15:31:15 INFO Initiating Connection to Server.
2019-04-06 15:31:15 INFO Connection failed. Reason: [Failure instance: Traceback (failure with no frames): <class 'twisted.internet.error.ConnectionRefusedError'>: Connection was refused by other side: 111: Connection refused.
]
2019-04-06 15:31:22 INFO Initiating Connection to Server.
2019-04-06 15:31:22 INFO Connection failed. Reason: [Failure instance: Traceback (failure with no frames): <class 'twisted.internet.error.ConnectionRefusedError'>: Connection was refused by other side: 111: Connection refused.
]
2019-04-06 15:31:36 INFO WebSocket connection closed: None
2019-04-06 15:31:36 INFO unregistered client tcp4:127.0.0.1:56698
2019-04-06 15:31:36 INFO static website requested: <Request at 0x7f53303615a8 method=GET uri=/ clientproto=HTTP/1.1>
2019-04-06 15:31:36 INFO Client connecting: tcp4:127.0.0.1:56714
2019-04-06 15:31:36 INFO WebSocket connection open.
2019-04-06 15:31:36 INFO registered client tcp4:127.0.0.1:56714
2019-04-06 15:31:39 INFO WebSocket connection closed: None
2019-04-06 15:31:39 INFO unregistered client tcp4:127.0.0.1:56714
2019-04-06 15:31:39 INFO static website requested: <Request at 0x7f533040a638 method=GET uri=/ clientproto=HTTP/1.1>
2019-04-06 15:31:39 INFO Client connecting: tcp4:127.0.0.1:56716
2019-04-06 15:31:39 INFO WebSocket connection open.
2019-04-06 15:31:39 INFO registered client tcp4:127.0.0.1:56716
2019-04-06 15:31:45 INFO Initiating Connection to Server.
2019-04-06 15:31:45 INFO Connected.
2019-04-06 15:31:45 INFO Resetting reconnection delay
2019-04-06 15:31:47 INFO Lost connection.  Reason: [Failure instance: Traceback (failure with no frames): <type 'exceptions.KeyError'>: 'MASTER-1'
]
2019-04-06 15:31:50 INFO Initiating Connection to Server.
2019-04-06 15:31:50 INFO Connected.
2019-04-06 15:31:50 INFO Resetting reconnection delay
2019-04-06 15:31:55 INFO WebSocket connection closed: None
2019-04-06 15:31:55 INFO unregistered client tcp4:127.0.0.1:56716
2019-04-06 15:31:57 INFO Lost connection.  Reason: [Failure instance: Traceback (failure with no frames): <type 'exceptions.KeyError'>: 'MASTER-1'
]
2019-04-06 15:32:00 INFO Initiating Connection to Server.
2019-04-06 15:32:00 INFO Connected.
2019-04-06 15:32:00 INFO Resetting reconnection delay
2019-04-06 15:32:07 INFO Lost connection.  Reason: [Failure instance: Traceback (failure with no frames): <type 'exceptions.KeyError'>: 'MASTER-1'
]
2019-04-06 15:32:10 INFO Initiating Connection to Server.
2019-04-06 15:32:10 INFO Connected.
2019-04-06 15:32:10 INFO Resetting reconnection delay
2019-04-06 15:32:17 INFO Lost connection.  Reason: [Failure instance: Traceback (failure with no frames): <type 'exceptions.KeyError'>: 'MASTER-1'
]
2019-04-06 15:32:20 INFO Initiating Connection to Server.
2019-04-06 15:32:20 INFO Connected.
2019-04-06 15:32:20 INFO Resetting reconnection delay
2019-04-06 15:32:27 INFO Lost connection.  Reason: [Failure instance: Traceback (failure with no frames): <type 'exceptions.KeyError'>: 'MASTER-1'
]
2019-04-06 15:32:29 INFO Initiating Connection to Server.
2019-04-06 15:32:29 INFO Connected.
2019-04-06 15:32:29 INFO Resetting reconnection delay
2019-04-06 15:32:37 INFO Lost connection.  Reason: [Failure instance: Traceback (failure with no frames): <type 'exceptions.KeyError'>: 'MASTER-1'
]
2019-04-06 15:32:39 INFO Initiating Connection to Server.
2019-04-06 15:32:39 INFO Connected.
2019-04-06 15:32:39 INFO Resetting reconnection delay
2019-04-06 15:32:47 INFO Lost connection.  Reason: [Failure instance: Traceback (failure with no frames): <type 'exceptions.KeyError'>: 'MASTER-1'
]
2019-04-06 15:32:48 INFO static website requested: <Request at 0x7f532fd89fc8 method=GET uri=/ clientproto=HTTP/1.1>
2019-04-06 15:32:48 INFO Client connecting: tcp4:127.0.0.1:56754
2019-04-06 15:32:48 INFO WebSocket connection open.
2019-04-06 15:32:48 INFO registered client tcp4:127.0.0.1:56754
2019-04-06 15:32:50 INFO Initiating Connection to Server.
2019-04-06 15:32:50 INFO Connected.
2019-04-06 15:32:50 INFO Resetting reconnection delay
2019-04-06 15:32:57 INFO Lost connection.  Reason: [Failure instance: Traceback (failure with no frames): <type 'exceptions.KeyError'>: 'MASTER-1'
]
2019-04-06 15:33:00 INFO Initiating Connection to Server.
2019-04-06 15:33:00 INFO Connected.
2019-04-06 15:33:00 INFO Resetting reconnection delay
2019-04-06 15:33:13 INFO web_tables.py starting up
2019-04-06 15:33:13 INFO 

Copyright (c) 2016, 2017, 2018, 2019
	The Regents of the K0USY Group. All rights reserved.

2019-04-06 15:33:13 INFO ID ALIAS MAPPER: 'peer_ids.json' is current, not downloaded
2019-04-06 15:33:13 INFO ID ALIAS MAPPER: 'subscriber_ids.json' is current, not downloaded
2019-04-06 15:33:14 INFO ID ALIAS MAPPER: peer_ids dictionary is available
2019-04-06 15:33:15 INFO ID ALIAS MAPPER: subscriber_ids dictionary is available
2019-04-06 15:33:15 INFO CLIENT TIMEOUT: List does not exist, skipping. If this message persists, contact the developer
2019-04-06 15:33:15 INFO reportClient object for connecting to HBlink.py created at: <__main__.reportClientFactory instance at 0x7fada212d7a0>
2019-04-06 15:33:15 INFO Initiating Connection to Server.
2019-04-06 15:33:16 INFO Connected.
2019-04-06 15:33:16 INFO Resetting reconnection delay
2019-04-06 15:33:17 INFO Lost connection.  Reason: [Failure instance: Traceback (failure with no frames): <type 'exceptions.TypeError'>: int() argument must be a string or a number, not 'NoneType'
]
2019-04-06 15:33:20 INFO Initiating Connection to Server.
2019-04-06 15:33:20 INFO Connected.
2019-04-06 15:33:20 INFO Resetting reconnection delay
2019-04-06 15:33:24 INFO static website requested: <Request at 0x7fada589c6c8 method=GET uri=/ clientproto=HTTP/1.1>
2019-04-06 15:33:24 INFO Client connecting: tcp4:127.0.0.1:56768
2019-04-06 15:33:24 INFO WebSocket connection open.
2019-04-06 15:33:24 INFO registered client tcp4:127.0.0.1:56768
2019-04-06 15:33:27 INFO Lost connection.  Reason: [Failure instance: Traceback (failure with no frames): <type 'exceptions.TypeError'>: int() argument must be a string or a number, not 'NoneType'
]
2019-04-06 15:33:30 INFO WebSocket connection closed: None
2019-04-06 15:33:30 INFO unregistered client tcp4:127.0.0.1:56768
2019-04-06 15:33:30 INFO static website requested: <Request at 0x7fada212d8c0 method=GET uri=/ clientproto=HTTP/1.1>
2019-04-06 15:33:30 INFO Client connecting: tcp4:127.0.0.1:56770
2019-04-06 15:33:30 INFO WebSocket connection open.
2019-04-06 15:33:30 INFO registered client tcp4:127.0.0.1:56770
2019-04-06 15:33:30 INFO Initiating Connection to Server.
2019-04-06 15:33:30 INFO Connected.
2019-04-06 15:33:30 INFO Resetting reconnection delay
2019-04-06 15:33:37 INFO Lost connection.  Reason: [Failure instance: Traceback (failure with no frames): <type 'exceptions.TypeError'>: int() argument must be a string or a number, not 'NoneType'
]
2019-04-06 15:33:40 INFO Initiating Connection to Server.
2019-04-06 15:33:40 INFO Connected.
2019-04-06 15:33:40 INFO Resetting reconnection delay
2019-04-06 15:33:44 INFO WebSocket connection closed: None
2019-04-06 15:33:44 INFO unregistered client tcp4:127.0.0.1:56770
2019-04-06 15:33:47 INFO Lost connection.  Reason: [Failure instance: Traceback (failure with no frames): <type 'exceptions.TypeError'>: int() argument must be a string or a number, not 'NoneType'
]
2019-04-06 15:34:40 INFO web_tables.py starting up
2019-04-06 15:34:40 INFO 

Copyright (c) 2016, 2017, 2018, 2019
	The Regents of the K0USY Group. All rights reserved.

2019-04-06 15:34:40 INFO ID ALIAS MAPPER: 'peer_ids.json' is current, not downloaded
2019-04-06 15:34:40 INFO ID ALIAS MAPPER: 'subscriber_ids.json' is current, not downloaded
2019-04-06 15:34:40 INFO ID ALIAS MAPPER: peer_ids dictionary is available
2019-04-06 15:34:42 INFO ID ALIAS MAPPER: subscriber_ids dictionary is available
2019-04-06 15:34:42 INFO CLIENT TIMEOUT: List does not exist, skipping. If this message persists, contact the developer
2019-04-06 15:34:42 INFO reportClient object for connecting to HBlink.py created at: <__main__.reportClientFactory instance at 0x7f0ff563d7a0>
2019-04-06 15:34:42 INFO Initiating Connection to Server.
2019-04-06 15:34:42 INFO Connected.
2019-04-06 15:34:42 INFO Resetting reconnection delay
2019-04-06 15:34:46 INFO Lost connection.  Reason: [Failure instance: Traceback (failure with no frames): <type 'exceptions.TypeError'>: int() argument must be a string or a number, not 'NoneType'
]
2019-04-06 15:34:49 INFO Initiating Connection to Server.
2019-04-06 15:34:49 INFO Connected.
2019-04-06 15:34:49 INFO Resetting reconnection delay
2019-04-06 15:34:56 INFO Lost connection.  Reason: [Failure instance: Traceback (failure with no frames): <type 'exceptions.TypeError'>: int() argument must be a string or a number, not 'NoneType'
]
2019-04-06 15:34:59 INFO Initiating Connection to Server.
2019-04-06 15:34:59 INFO Connected.
2019-04-06 15:34:59 INFO Resetting reconnection delay
2019-04-06 15:35:02 INFO static website requested: <Request at 0x7f0ff8893b90 method=GET uri=/ clientproto=HTTP/1.1>
2019-04-06 15:35:03 INFO Client connecting: tcp4:127.0.0.1:56830
2019-04-06 15:35:03 INFO WebSocket connection open.
2019-04-06 15:35:03 INFO registered client tcp4:127.0.0.1:56830
2019-04-06 15:35:06 INFO Lost connection.  Reason: [Failure instance: Traceback (failure with no frames): <type 'exceptions.TypeError'>: int() argument must be a string or a number, not 'NoneType'
]
2019-04-06 15:35:09 INFO Initiating Connection to Server.
2019-04-06 15:35:09 INFO Connected.
2019-04-06 15:35:09 INFO Resetting reconnection delay
2019-04-06 15:35:16 INFO Lost connection.  Reason: [Failure instance: Traceback (failure with no frames): <type 'exceptions.TypeError'>: int() argument must be a string or a number, not 'NoneType'
]
2019-04-06 15:35:18 INFO Initiating Connection to Server.
2019-04-06 15:35:18 INFO Connected.
2019-04-06 15:35:18 INFO Resetting reconnection delay
2019-04-06 15:35:26 INFO Lost connection.  Reason: [Failure instance: Traceback (failure with no frames): <type 'exceptions.TypeError'>: int() argument must be a string or a number, not 'NoneType'
]
2019-04-06 15:35:28 INFO Initiating Connection to Server.
2019-04-06 15:35:28 INFO Connected.
2019-04-06 15:35:28 INFO Resetting reconnection delay
2019-04-06 15:35:36 INFO Lost connection.  Reason: [Failure instance: Traceback (failure with no frames): <type 'exceptions.TypeError'>: int() argument must be a string or a number, not 'NoneType'
]
2019-04-06 15:35:39 INFO Initiating Connection to Server.
2019-04-06 15:35:39 INFO Connected.
2019-04-06 15:35:39 INFO Resetting reconnection delay
2019-04-06 15:35:46 INFO Lost connection.  Reason: [Failure instance: Traceback (failure with no frames): <type 'exceptions.TypeError'>: int() argument must be a string or a number, not 'NoneType'
]
2019-04-06 15:35:48 INFO Initiating Connection to Server.
2019-04-06 15:35:48 INFO Connected.
2019-04-06 15:35:48 INFO Resetting reconnection delay
2019-04-06 15:35:56 INFO Lost connection.  Reason: [Failure instance: Traceback (failure with no frames): <type 'exceptions.TypeError'>: int() argument must be a string or a number, not 'NoneType'
]
2019-04-06 15:35:59 INFO Initiating Connection to Server.
2019-04-06 15:35:59 INFO Connected.
2019-04-06 15:35:59 INFO Resetting reconnection delay
2019-04-06 15:36:06 INFO Lost connection.  Reason: [Failure instance: Traceback (failure with no frames): <type 'exceptions.TypeError'>: int() argument must be a string or a number, not 'NoneType'
]
2019-04-06 15:36:08 INFO Initiating Connection to Server.
2019-04-06 15:36:08 INFO Connected.
2019-04-06 15:36:08 INFO Resetting reconnection delay
2019-04-06 15:36:16 INFO Lost connection.  Reason: [Failure instance: Traceback (failure with no frames): <type 'exceptions.TypeError'>: int() argument must be a string or a number, not 'NoneType'
]
2019-04-06 15:36:19 INFO Initiating Connection to Server.
2019-04-06 15:36:19 INFO Connected.
2019-04-06 15:36:19 INFO Resetting reconnection delay
2019-04-06 15:37:13 INFO web_tables.py starting up
2019-04-06 15:37:13 INFO 

Copyright (c) 2016, 2017, 2018, 2019
	The Regents of the K0USY Group. All rights reserved.

2019-04-06 15:37:13 INFO ID ALIAS MAPPER: 'peer_ids.json' is current, not downloaded
2019-04-06 15:37:13 INFO ID ALIAS MAPPER: 'subscriber_ids.json' is current, not downloaded
2019-04-06 15:37:13 INFO ID ALIAS MAPPER: peer_ids dictionary is available
2019-04-06 15:37:14 INFO ID ALIAS MAPPER: subscriber_ids dictionary is available
2019-04-06 15:37:15 INFO CLIENT TIMEOUT: List does not exist, skipping. If this message persists, contact the developer
2019-04-06 15:37:15 INFO reportClient object for connecting to HBlink.py created at: <__main__.reportClientFactory instance at 0x7efed62c57a0>
2019-04-06 15:37:15 INFO Initiating Connection to Server.
2019-04-06 15:37:15 INFO Connection failed. Reason: [Failure instance: Traceback (failure with no frames): <class 'twisted.internet.error.ConnectionRefusedError'>: Connection was refused by other side: 111: Connection refused.
]
2019-04-06 15:37:17 INFO Initiating Connection to Server.
2019-04-06 15:37:17 INFO Connection failed. Reason: [Failure instance: Traceback (failure with no frames): <class 'twisted.internet.error.ConnectionRefusedError'>: Connection was refused by other side: 111: Connection refused.
]
2019-04-06 15:37:23 INFO Initiating Connection to Server.
2019-04-06 15:37:23 INFO Connected.
2019-04-06 15:37:23 INFO Resetting reconnection delay
2019-04-06 15:37:27 INFO static website requested: <Request at 0x7efed9ecb9e0 method=GET uri=/ clientproto=HTTP/1.1>
2019-04-06 15:37:27 INFO Client connecting: tcp4:127.0.0.1:56862
2019-04-06 15:37:27 INFO WebSocket connection open.
2019-04-06 15:37:27 INFO registered client tcp4:127.0.0.1:56862
2019-04-06 15:37:32 INFO WebSocket connection closed: None
2019-04-06 15:37:32 INFO unregistered client tcp4:127.0.0.1:56862
2019-04-06 15:37:32 INFO static website requested: <Request at 0x7efed62c58c0 method=GET uri=/ clientproto=HTTP/1.1>
2019-04-06 15:37:32 INFO Client connecting: tcp4:127.0.0.1:56864
2019-04-06 15:37:32 INFO WebSocket connection open.
2019-04-06 15:37:32 INFO registered client tcp4:127.0.0.1:56864
2019-04-06 15:37:32 INFO Lost connection.  Reason: [Failure instance: Traceback (failure with no frames): <type 'exceptions.TypeError'>: int() argument must be a string or a number, not 'NoneType'
]
2019-04-06 15:37:35 INFO Initiating Connection to Server.
2019-04-06 15:37:35 INFO Connected.
2019-04-06 15:37:35 INFO Resetting reconnection delay
2019-04-06 15:37:37 INFO WebSocket connection closed: None
2019-04-06 15:37:37 INFO unregistered client tcp4:127.0.0.1:56864
2019-04-06 15:37:37 INFO static website requested: <Request at 0x7efed9f46170 method=GET uri=/ clientproto=HTTP/1.1>
2019-04-06 15:37:37 INFO Client connecting: tcp4:127.0.0.1:56868
2019-04-06 15:37:37 INFO WebSocket connection open.
2019-04-06 15:37:37 INFO registered client tcp4:127.0.0.1:56868
2019-04-06 15:37:39 INFO WebSocket connection closed: None
2019-04-06 15:37:39 INFO unregistered client tcp4:127.0.0.1:56868
2019-04-06 15:37:39 INFO static website requested: <Request at 0x7efed97d5320 method=GET uri=/ clientproto=HTTP/1.1>
2019-04-06 15:37:39 INFO Client connecting: tcp4:127.0.0.1:56870
2019-04-06 15:37:39 INFO WebSocket connection open.
2019-04-06 15:37:39 INFO registered client tcp4:127.0.0.1:56870
2019-04-06 15:37:40 INFO WebSocket connection closed: None
2019-04-06 15:37:40 INFO unregistered client tcp4:127.0.0.1:56870
2019-04-06 15:37:40 INFO static website requested: <Request at 0x7efed92b9290 method=GET uri=/ clientproto=HTTP/1.1>
2019-04-06 15:37:41 INFO Client connecting: tcp4:127.0.0.1:56872
2019-04-06 15:37:41 INFO WebSocket connection open.
2019-04-06 15:37:41 INFO registered client tcp4:127.0.0.1:56872
2019-04-06 15:37:42 INFO Lost connection.  Reason: [Failure instance: Traceback (failure with no frames): <type 'exceptions.TypeError'>: int() argument must be a string or a number, not 'NoneType'
]
2019-04-06 15:37:45 INFO Initiating Connection to Server.
2019-04-06 15:37:45 INFO Connected.
2019-04-06 15:37:45 INFO Resetting reconnection delay
2019-04-06 15:37:52 INFO Lost connection.  Reason: [Failure instance: Traceback (failure with no frames): <type 'exceptions.TypeError'>: int() argument must be a string or a number, not 'NoneType'
]
2019-04-06 15:37:55 INFO Initiating Connection to Server.
2019-04-06 15:37:55 INFO Connected.
2019-04-06 15:37:55 INFO Resetting reconnection delay
2019-04-06 15:38:02 INFO Lost connection.  Reason: [Failure instance: Traceback (failure with no frames): <type 'exceptions.TypeError'>: int() argument must be a string or a number, not 'NoneType'
]
2019-04-06 15:38:08 INFO web_tables.py starting up
2019-04-06 15:38:08 INFO 

Copyright (c) 2016, 2017, 2018, 2019
	The Regents of the K0USY Group. All rights reserved.

2019-04-06 15:38:08 INFO ID ALIAS MAPPER: 'peer_ids.json' is current, not downloaded
2019-04-06 15:38:08 INFO ID ALIAS MAPPER: 'subscriber_ids.json' is current, not downloaded
2019-04-06 15:38:08 INFO ID ALIAS MAPPER: peer_ids dictionary is available
2019-04-06 15:38:10 INFO ID ALIAS MAPPER: subscriber_ids dictionary is available
2019-04-06 15:38:11 INFO CLIENT TIMEOUT: List does not exist, skipping. If this message persists, contact the developer
2019-04-06 15:38:11 INFO reportClient object for connecting to HBlink.py created at: <__main__.reportClientFactory instance at 0x7fb9889d57a0>
2019-04-06 15:38:11 INFO Initiating Connection to Server.
2019-04-06 15:38:33 INFO web_tables.py starting up
2019-04-06 15:38:33 INFO 

Copyright (c) 2016, 2017, 2018, 2019
	The Regents of the K0USY Group. All rights reserved.

2019-04-06 15:38:33 INFO ID ALIAS MAPPER: 'peer_ids.json' is current, not downloaded
2019-04-06 15:38:33 INFO ID ALIAS MAPPER: 'subscriber_ids.json' is current, not downloaded
2019-04-06 15:38:33 INFO ID ALIAS MAPPER: peer_ids dictionary is available
2019-04-06 15:38:34 INFO ID ALIAS MAPPER: subscriber_ids dictionary is available
2019-04-06 15:38:34 INFO CLIENT TIMEOUT: List does not exist, skipping. If this message persists, contact the developer
2019-04-06 15:38:34 INFO reportClient object for connecting to HBlink.py created at: <__main__.reportClientFactory instance at 0x7f5a669ed7a0>
2019-04-06 15:38:34 INFO Initiating Connection to Server.
2019-04-06 15:38:34 INFO Connected.
2019-04-06 15:38:34 INFO Resetting reconnection delay
2019-04-06 15:38:39 INFO static website requested: <Request at 0x7f5a6a5f37a0 method=GET uri=/ clientproto=HTTP/1.1>
2019-04-06 15:38:39 INFO Client connecting: tcp4:127.0.0.1:56884
2019-04-06 15:38:39 INFO WebSocket connection open.
2019-04-06 15:38:39 INFO registered client tcp4:127.0.0.1:56884
2019-04-06 15:38:42 INFO Lost connection.  Reason: [Failure instance: Traceback (failure with no frames): <type 'exceptions.TypeError'>: int() argument must be a string or a number, not 'NoneType'
]
2019-04-06 15:38:46 INFO Initiating Connection to Server.
2019-04-06 15:38:46 INFO Connected.
2019-04-06 15:38:46 INFO Resetting reconnection delay
2019-04-06 15:38:52 INFO Lost connection.  Reason: [Failure instance: Traceback (failure with no frames): <type 'exceptions.TypeError'>: int() argument must be a string or a number, not 'NoneType'
]
2019-04-06 15:38:55 INFO Initiating Connection to Server.
2019-04-06 15:38:55 INFO Connected.
2019-04-06 15:38:55 INFO Resetting reconnection delay
2019-04-06 15:39:01 INFO Lost connection.  Reason: [Failure instance: Traceback (failure with no frames): <class 'twisted.internet.error.ConnectionDone'>: Connection was closed cleanly.
]
2019-04-06 15:39:05 INFO Initiating Connection to Server.
2019-04-06 15:39:05 INFO Connection failed. Reason: [Failure instance: Traceback (failure with no frames): <class 'twisted.internet.error.ConnectionRefusedError'>: Connection was refused by other side: 111: Connection refused.
]
2019-04-06 15:39:12 INFO WebSocket connection closed: None
2019-04-06 15:39:12 INFO unregistered client tcp4:127.0.0.1:56884
2019-04-06 15:39:13 INFO static website requested: <Request at 0x7f5a669ed488 method=GET uri=/ clientproto=HTTP/1.1>
2019-04-06 15:39:13 INFO Client connecting: tcp4:127.0.0.1:56892
2019-04-06 15:39:13 INFO WebSocket connection open.
2019-04-06 15:39:13 INFO registered client tcp4:127.0.0.1:56892
2019-04-06 15:39:13 INFO Initiating Connection to Server.
2019-04-06 15:39:13 INFO Connected.
2019-04-06 15:39:13 INFO Resetting reconnection delay
2019-04-06 15:39:14 INFO WebSocket connection closed: None
2019-04-06 15:39:14 INFO unregistered client tcp4:127.0.0.1:56892
2019-04-06 15:39:14 INFO static website requested: <Request at 0x7f5a699ffc68 method=GET uri=/ clientproto=HTTP/1.1>
2019-04-06 15:39:14 INFO Client connecting: tcp4:127.0.0.1:56896
2019-04-06 15:39:14 INFO WebSocket connection open.
2019-04-06 15:39:14 INFO registered client tcp4:127.0.0.1:56896
2019-04-06 15:39:17 INFO Lost connection.  Reason: [Failure instance: Traceback (failure with no frames): <type 'exceptions.TypeError'>: int() argument must be a string or a number, not 'NoneType'
]
2019-04-06 15:39:20 INFO Initiating Connection to Server.
2019-04-06 15:39:20 INFO Connected.
2019-04-06 15:39:20 INFO Resetting reconnection delay
2019-04-06 15:39:27 INFO Lost connection.  Reason: [Failure instance: Traceback (failure with no frames): <type 'exceptions.TypeError'>: int() argument must be a string or a number, not 'NoneType'
]
2019-04-06 15:39:30 INFO Initiating Connection to Server.
2019-04-06 15:39:30 INFO Connected.
2019-04-06 15:39:30 INFO Resetting reconnection delay
2019-04-06 15:39:37 INFO Lost connection.  Reason: [Failure instance: Traceback (failure with no frames): <type 'exceptions.TypeError'>: int() argument must be a string or a number, not 'NoneType'
]
2019-04-06 15:39:40 INFO Initiating Connection to Server.
2019-04-06 15:39:40 INFO Connected.
2019-04-06 15:39:40 INFO Resetting reconnection delay
2019-04-06 15:39:47 INFO Lost connection.  Reason: [Failure instance: Traceback (failure with no frames): <type 'exceptions.TypeError'>: int() argument must be a string or a number, not 'NoneType'
]
2019-04-06 15:39:50 INFO Initiating Connection to Server.
2019-04-06 15:39:50 INFO Connected.
2019-04-06 15:39:50 INFO Resetting reconnection delay
2019-04-06 15:39:57 INFO Lost connection.  Reason: [Failure instance: Traceback (failure with no frames): <type 'exceptions.TypeError'>: int() argument must be a string or a number, not 'NoneType'
]
2019-04-06 15:40:00 INFO Initiating Connection to Server.
2019-04-06 15:40:00 INFO Connected.
2019-04-06 15:40:00 INFO Resetting reconnection delay
2019-04-06 15:40:07 INFO Lost connection.  Reason: [Failure instance: Traceback (failure with no frames): <type 'exceptions.TypeError'>: int() argument must be a string or a number, not 'NoneType'
]
2019-04-06 15:40:10 INFO Initiating Connection to Server.
2019-04-06 15:40:10 INFO Connected.
2019-04-06 15:40:10 INFO Resetting reconnection delay
2019-04-06 15:40:13 INFO Lost connection.  Reason: [Failure instance: Traceback (failure with no frames): <class 'twisted.internet.error.ConnectionDone'>: Connection was closed cleanly.
]
2019-04-06 15:40:16 INFO Initiating Connection to Server.
2019-04-06 15:40:16 INFO Connection failed. Reason: [Failure instance: Traceback (failure with no frames): <class 'twisted.internet.error.ConnectionRefusedError'>: Connection was refused by other side: 111: Connection refused.
]
2019-04-06 15:40:25 INFO Initiating Connection to Server.
2019-04-06 15:40:25 INFO Connection failed. Reason: [Failure instance: Traceback (failure with no frames): <class 'twisted.internet.error.ConnectionRefusedError'>: Connection was refused by other side: 111: Connection refused.
]
2019-04-06 15:40:37 INFO WebSocket connection closed: None
2019-04-06 15:40:37 INFO unregistered client tcp4:127.0.0.1:56896
2019-04-06 15:40:37 INFO static website requested: <Request at 0x7f5a694b2e60 method=GET uri=/ clientproto=HTTP/1.1>
2019-04-06 15:40:37 INFO Client connecting: tcp4:127.0.0.1:56916
2019-04-06 15:40:37 INFO WebSocket connection open.
2019-04-06 15:40:37 INFO registered client tcp4:127.0.0.1:56916
2019-04-06 15:40:39 INFO WebSocket connection closed: None
2019-04-06 15:40:39 INFO unregistered client tcp4:127.0.0.1:56916
2019-04-06 15:40:39 INFO static website requested: <Request at 0x7f5a695b3d88 method=GET uri=/ clientproto=HTTP/1.1>
2019-04-06 15:40:39 INFO Client connecting: tcp4:127.0.0.1:56918
2019-04-06 15:40:39 INFO WebSocket connection open.
2019-04-06 15:40:39 INFO registered client tcp4:127.0.0.1:56918
2019-04-06 15:40:40 INFO WebSocket connection closed: None
2019-04-06 15:40:40 INFO unregistered client tcp4:127.0.0.1:56918
2019-04-06 15:40:40 INFO static website requested: <Request at 0x7f5a69431128 method=GET uri=/ clientproto=HTTP/1.1>
2019-04-06 15:40:40 INFO Client connecting: tcp4:127.0.0.1:56920
2019-04-06 15:40:40 INFO WebSocket connection open.
2019-04-06 15:40:40 INFO registered client tcp4:127.0.0.1:56920
2019-04-06 15:40:49 INFO Initiating Connection to Server.
2019-04-06 15:40:49 INFO Connected.
2019-04-06 15:40:49 INFO Resetting reconnection delay
2019-04-06 15:40:54 INFO Lost connection.  Reason: [Failure instance: Traceback (failure with no frames): <type 'exceptions.TypeError'>: int() argument must be a string or a number, not 'NoneType'
]
2019-04-06 15:40:57 INFO Initiating Connection to Server.
2019-04-06 15:40:57 INFO Connected.
2019-04-06 15:40:57 INFO Resetting reconnection delay
2019-04-06 15:41:04 INFO Lost connection.  Reason: [Failure instance: Traceback (failure with no frames): <type 'exceptions.TypeError'>: int() argument must be a string or a number, not 'NoneType'
]
2019-04-06 15:41:07 INFO Initiating Connection to Server.
2019-04-06 15:41:07 INFO Connected.
2019-04-06 15:41:07 INFO Resetting reconnection delay
2019-04-06 15:41:40 INFO Lost connection.  Reason: [Failure instance: Traceback (failure with no frames): <class 'twisted.internet.error.ConnectionLost'>: Connection to the other side was lost in a non-clean fashion.
]
2019-04-06 15:41:43 INFO Initiating Connection to Server.
2019-04-06 15:41:43 INFO Connection failed. Reason: [Failure instance: Traceback (failure with no frames): <class 'twisted.internet.error.ConnectionRefusedError'>: Connection was refused by other side: 111: Connection refused.
]
2019-04-06 15:41:50 INFO Initiating Connection to Server.
2019-04-06 15:41:50 INFO Connected.
2019-04-06 15:41:50 INFO Resetting reconnection delay
2019-04-06 15:41:57 INFO Lost connection.  Reason: [Failure instance: Traceback (failure with no frames): <type 'exceptions.KeyError'>: 'Webkrab-Parrot'
]
2019-04-06 15:42:00 INFO Initiating Connection to Server.
2019-04-06 15:42:00 INFO Connected.
2019-04-06 15:42:00 INFO Resetting reconnection delay
2019-04-06 15:42:07 INFO Lost connection.  Reason: [Failure instance: Traceback (failure with no frames): <type 'exceptions.KeyError'>: 'Webkrab-Parrot'
]
2019-04-06 15:42:10 INFO Initiating Connection to Server.
2019-04-06 15:42:10 INFO Connected.
2019-04-06 15:42:10 INFO Resetting reconnection delay
2019-04-06 15:42:17 INFO Lost connection.  Reason: [Failure instance: Traceback (failure with no frames): <type 'exceptions.KeyError'>: 'Webkrab-Parrot'
]
2019-04-06 15:42:20 INFO Initiating Connection to Server.
2019-04-06 15:42:20 INFO Connected.
2019-04-06 15:42:20 INFO Resetting reconnection delay
2019-04-06 15:42:27 INFO Lost connection.  Reason: [Failure instance: Traceback (failure with no frames): <type 'exceptions.KeyError'>: 'Webkrab-Parrot'
]
2019-04-06 15:42:29 INFO WebSocket connection closed: None
2019-04-06 15:42:29 INFO unregistered client tcp4:127.0.0.1:56920
2019-04-06 15:42:30 INFO static website requested: <Request at 0x7f5a6936dab8 method=GET uri=/ clientproto=HTTP/1.1>
2019-04-06 15:42:30 INFO Client connecting: tcp4:127.0.0.1:56940
2019-04-06 15:42:30 INFO WebSocket connection open.
2019-04-06 15:42:30 INFO registered client tcp4:127.0.0.1:56940
2019-04-06 15:42:30 INFO Initiating Connection to Server.
2019-04-06 15:42:30 INFO Connected.
2019-04-06 15:42:30 INFO Resetting reconnection delay
2019-04-06 15:42:34 INFO WebSocket connection closed: None
2019-04-06 15:42:34 INFO unregistered client tcp4:127.0.0.1:56940
2019-04-06 15:42:34 INFO static website requested: <Request at 0x7f5a692d9560 method=GET uri=/ clientproto=HTTP/1.1>
2019-04-06 15:42:35 INFO Client connecting: tcp4:127.0.0.1:56944
2019-04-06 15:42:35 INFO WebSocket connection open.
2019-04-06 15:42:35 INFO registered client tcp4:127.0.0.1:56944
2019-04-06 15:42:37 INFO Lost connection.  Reason: [Failure instance: Traceback (failure with no frames): <type 'exceptions.KeyError'>: 'Webkrab-Parrot'
]
2019-04-06 15:42:37 INFO WebSocket connection closed: None
2019-04-06 15:42:37 INFO unregistered client tcp4:127.0.0.1:56944
2019-04-06 15:42:39 INFO Initiating Connection to Server.
2019-04-06 15:42:39 INFO Connected.
2019-04-06 15:42:39 INFO Resetting reconnection delay
2019-04-06 15:43:41 INFO web_tables.py starting up
2019-04-06 15:43:41 INFO 

Copyright (c) 2016, 2017, 2018, 2019
	The Regents of the K0USY Group. All rights reserved.

2019-04-06 15:43:41 INFO ID ALIAS MAPPER: 'peer_ids.json' is current, not downloaded
2019-04-06 15:43:41 INFO ID ALIAS MAPPER: 'subscriber_ids.json' is current, not downloaded
2019-04-06 15:43:41 INFO ID ALIAS MAPPER: peer_ids dictionary is available
2019-04-06 15:43:44 INFO ID ALIAS MAPPER: subscriber_ids dictionary is available
2019-04-06 15:43:44 INFO CLIENT TIMEOUT: List does not exist, skipping. If this message persists, contact the developer
2019-04-06 15:43:44 INFO reportClient object for connecting to HBlink.py created at: <__main__.reportClientFactory instance at 0x7f24d96857a0>
2019-04-06 15:43:44 INFO Initiating Connection to Server.
2019-04-06 15:43:44 INFO Connected.
2019-04-06 15:43:44 INFO Resetting reconnection delay
2019-04-06 15:43:55 INFO static website requested: <Request at 0x7f24dd28b998 method=GET uri=/ clientproto=HTTP/1.1>
2019-04-06 15:43:56 INFO static website requested: <Request at 0x7f24d96858c0 method=GET uri=/favicon.ico clientproto=HTTP/1.1>
2019-04-06 15:43:56 INFO Client connecting: tcp4:127.0.0.1:56998
2019-04-06 15:43:56 INFO WebSocket connection open.
2019-04-06 15:43:56 INFO registered client tcp4:127.0.0.1:56998
2019-04-06 15:48:05 INFO Lost connection.  Reason: [Failure instance: Traceback (failure with no frames): <class 'twisted.internet.error.ConnectionDone'>: Connection was closed cleanly.
]
2019-04-06 15:48:08 INFO Initiating Connection to Server.
2019-04-06 15:48:08 INFO Connection failed. Reason: [Failure instance: Traceback (failure with no frames): <class 'twisted.internet.error.ConnectionRefusedError'>: Connection was refused by other side: 111: Connection refused.
]
2019-04-06 15:48:15 INFO Initiating Connection to Server.
2019-04-06 15:48:15 INFO Connection failed. Reason: [Failure instance: Traceback (failure with no frames): <class 'twisted.internet.error.ConnectionRefusedError'>: Connection was refused by other side: 111: Connection refused.
]
2019-04-06 15:48:29 INFO WebSocket connection closed: None
2019-04-06 15:48:29 INFO unregistered client tcp4:127.0.0.1:56998
2019-04-06 15:48:29 INFO static website requested: <Request at 0x7f24dd31e7e8 method=GET uri=/ clientproto=HTTP/1.1>
2019-04-06 15:48:30 INFO Client connecting: tcp4:127.0.0.1:57010
2019-04-06 15:48:30 INFO WebSocket connection open.
2019-04-06 15:48:30 INFO registered client tcp4:127.0.0.1:57010
2019-04-06 15:48:32 INFO WebSocket connection closed: None
2019-04-06 15:48:32 INFO unregistered client tcp4:127.0.0.1:57010
2019-04-06 15:48:33 INFO static website requested: <Request at 0x7f24dd31e998 method=GET uri=/ clientproto=HTTP/1.1>
2019-04-06 15:48:33 INFO Client connecting: tcp4:127.0.0.1:57012
2019-04-06 15:48:33 INFO WebSocket connection open.
2019-04-06 15:48:33 INFO registered client tcp4:127.0.0.1:57012
2019-04-06 15:48:34 INFO Initiating Connection to Server.
2019-04-06 15:48:34 INFO Connected.
2019-04-06 15:48:34 INFO Resetting reconnection delay
2019-04-06 15:49:38 INFO WebSocket connection closed: None
2019-04-06 15:49:38 INFO unregistered client tcp4:127.0.0.1:57012
2019-04-06 15:49:38 INFO static website requested: <Request at 0x7f24dd31e9e0 method=GET uri=/ clientproto=HTTP/1.1>
2019-04-06 15:49:39 INFO Client connecting: tcp4:127.0.0.1:57018
2019-04-06 15:49:39 INFO WebSocket connection open.
2019-04-06 15:49:39 INFO registered client tcp4:127.0.0.1:57018
2019-04-06 15:49:40 INFO WebSocket connection closed: None
2019-04-06 15:49:40 INFO unregistered client tcp4:127.0.0.1:57018
2019-04-06 15:49:41 INFO static website requested: <Request at 0x7f24dd31ee18 method=GET uri=/ clientproto=HTTP/1.1>
2019-04-06 15:49:41 INFO Client connecting: tcp4:127.0.0.1:57020
2019-04-06 15:49:41 INFO WebSocket connection open.
2019-04-06 15:49:41 INFO registered client tcp4:127.0.0.1:57020
2019-04-06 15:49:58 INFO web_tables.py starting up
2019-04-06 15:49:58 INFO 

Copyright (c) 2016, 2017, 2018, 2019
	The Regents of the K0USY Group. All rights reserved.

2019-04-06 15:49:58 INFO ID ALIAS MAPPER: 'peer_ids.json' is current, not downloaded
2019-04-06 15:49:58 INFO ID ALIAS MAPPER: 'subscriber_ids.json' is current, not downloaded
2019-04-06 15:49:58 INFO ID ALIAS MAPPER: peer_ids dictionary is available
2019-04-06 15:50:05 INFO ID ALIAS MAPPER: subscriber_ids dictionary is available
2019-04-06 15:50:06 INFO CLIENT TIMEOUT: List does not exist, skipping. If this message persists, contact the developer
2019-04-06 15:50:06 INFO reportClient object for connecting to HBlink.py created at: <__main__.reportClientFactory instance at 0x7f19f831d7a0>
2019-04-06 15:50:06 INFO Initiating Connection to Server.
2019-04-06 15:50:19 INFO web_tables.py starting up
2019-04-06 15:50:19 INFO 

Copyright (c) 2016, 2017, 2018, 2019
	The Regents of the K0USY Group. All rights reserved.

2019-04-06 15:50:19 INFO ID ALIAS MAPPER: 'peer_ids.json' is current, not downloaded
2019-04-06 15:50:19 INFO ID ALIAS MAPPER: 'subscriber_ids.json' is current, not downloaded
2019-04-06 15:50:19 INFO ID ALIAS MAPPER: peer_ids dictionary is available
2019-04-06 15:50:21 INFO ID ALIAS MAPPER: subscriber_ids dictionary is available
2019-04-06 15:50:21 INFO CLIENT TIMEOUT: List does not exist, skipping. If this message persists, contact the developer
2019-04-06 15:50:21 INFO reportClient object for connecting to HBlink.py created at: <__main__.reportClientFactory instance at 0x7ff385bed7a0>
2019-04-06 15:50:21 INFO Initiating Connection to Server.
2019-04-06 15:50:21 INFO Connected.
2019-04-06 15:50:21 INFO Resetting reconnection delay
2019-04-06 15:50:26 INFO Lost connection.  Reason: [Failure instance: Traceback (failure with no frames): <type 'exceptions.TypeError'>: int() argument must be a string or a number, not 'NoneType'
]
2019-04-06 15:50:27 INFO static website requested: <Request at 0x7ff38935c488 method=GET uri=/ clientproto=HTTP/1.1>
2019-04-06 15:50:27 INFO Client connecting: tcp4:127.0.0.1:57026
2019-04-06 15:50:27 INFO WebSocket connection open.
2019-04-06 15:50:27 INFO registered client tcp4:127.0.0.1:57026
2019-04-06 15:50:29 INFO WebSocket connection closed: None
2019-04-06 15:50:29 INFO unregistered client tcp4:127.0.0.1:57026
2019-04-06 15:50:29 INFO static website requested: <Request at 0x7ff389096cf8 method=GET uri=/ clientproto=HTTP/1.1>
2019-04-06 15:50:29 INFO Client connecting: tcp4:127.0.0.1:57028
2019-04-06 15:50:29 INFO WebSocket connection open.
2019-04-06 15:50:29 INFO registered client tcp4:127.0.0.1:57028
2019-04-06 15:50:30 INFO Initiating Connection to Server.
2019-04-06 15:50:30 INFO Connected.
2019-04-06 15:50:30 INFO Resetting reconnection delay
2019-04-06 15:50:30 INFO WebSocket connection closed: None
2019-04-06 15:50:30 INFO unregistered client tcp4:127.0.0.1:57028
2019-04-06 15:50:30 INFO static website requested: <Request at 0x7ff3889edab8 method=GET uri=/ clientproto=HTTP/1.1>
2019-04-06 15:50:30 INFO Client connecting: tcp4:127.0.0.1:57032
2019-04-06 15:50:30 INFO WebSocket connection open.
2019-04-06 15:50:30 INFO registered client tcp4:127.0.0.1:57032
2019-04-06 15:50:33 INFO WebSocket connection closed: None
2019-04-06 15:50:33 INFO unregistered client tcp4:127.0.0.1:57032
2019-04-06 15:50:33 INFO static website requested: <Request at 0x7ff3889edc20 method=GET uri=/ clientproto=HTTP/1.1>
2019-04-06 15:50:33 INFO Client connecting: tcp4:127.0.0.1:57034
2019-04-06 15:50:33 INFO WebSocket connection open.
2019-04-06 15:50:33 INFO registered client tcp4:127.0.0.1:57034
2019-04-06 15:50:34 INFO WebSocket connection closed: None
2019-04-06 15:50:34 INFO unregistered client tcp4:127.0.0.1:57034
2019-04-06 15:50:34 INFO static website requested: <Request at 0x7ff38879a830 method=GET uri=/ clientproto=HTTP/1.1>
2019-04-06 15:50:35 INFO Client connecting: tcp4:127.0.0.1:57036
2019-04-06 15:50:35 INFO WebSocket connection open.
2019-04-06 15:50:35 INFO registered client tcp4:127.0.0.1:57036
2019-04-06 15:50:36 INFO WebSocket connection closed: None
2019-04-06 15:50:36 INFO unregistered client tcp4:127.0.0.1:57036
2019-04-06 15:50:36 INFO static website requested: <Request at 0x7ff38879a908 method=GET uri=/ clientproto=HTTP/1.1>
2019-04-06 15:50:36 INFO Client connecting: tcp4:127.0.0.1:57038
2019-04-06 15:50:36 INFO WebSocket connection open.
2019-04-06 15:50:36 INFO registered client tcp4:127.0.0.1:57038
2019-04-06 15:50:36 INFO Lost connection.  Reason: [Failure instance: Traceback (failure with no frames): <type 'exceptions.TypeError'>: int() argument must be a string or a number, not 'NoneType'
]
2019-04-06 15:50:39 INFO Initiating Connection to Server.
2019-04-06 15:50:39 INFO Connected.
2019-04-06 15:50:39 INFO Resetting reconnection delay
2019-04-06 15:50:46 INFO Lost connection.  Reason: [Failure instance: Traceback (failure with no frames): <type 'exceptions.TypeError'>: int() argument must be a string or a number, not 'NoneType'
]
2019-04-06 15:50:49 INFO Initiating Connection to Server.
2019-04-06 15:50:49 INFO Connected.
2019-04-06 15:50:49 INFO Resetting reconnection delay
2019-04-06 15:50:56 INFO Lost connection.  Reason: [Failure instance: Traceback (failure with no frames): <type 'exceptions.TypeError'>: int() argument must be a string or a number, not 'NoneType'
]
2019-04-06 15:50:59 INFO Initiating Connection to Server.
2019-04-06 15:50:59 INFO Connected.
2019-04-06 15:50:59 INFO Resetting reconnection delay
2019-04-06 15:51:06 INFO Lost connection.  Reason: [Failure instance: Traceback (failure with no frames): <type 'exceptions.TypeError'>: int() argument must be a string or a number, not 'NoneType'
]
2019-04-06 15:51:09 INFO Initiating Connection to Server.
2019-04-06 15:51:09 INFO Connected.
2019-04-06 15:51:09 INFO Resetting reconnection delay
2019-04-06 15:51:16 INFO Lost connection.  Reason: [Failure instance: Traceback (failure with no frames): <type 'exceptions.TypeError'>: int() argument must be a string or a number, not 'NoneType'
]
2019-04-06 15:51:19 INFO Initiating Connection to Server.
2019-04-06 15:51:19 INFO Connected.
2019-04-06 15:51:19 INFO Resetting reconnection delay
2019-04-06 15:51:26 INFO Lost connection.  Reason: [Failure instance: Traceback (failure with no frames): <type 'exceptions.TypeError'>: int() argument must be a string or a number, not 'NoneType'
]
2019-04-06 15:51:29 INFO Initiating Connection to Server.
2019-04-06 15:51:29 INFO Connected.
2019-04-06 15:51:29 INFO Resetting reconnection delay
2019-04-06 15:51:36 INFO Lost connection.  Reason: [Failure instance: Traceback (failure with no frames): <type 'exceptions.TypeError'>: int() argument must be a string or a number, not 'NoneType'
]
2019-04-06 15:51:37 INFO WebSocket connection closed: None
2019-04-06 15:51:37 INFO unregistered client tcp4:127.0.0.1:57038
2019-04-06 15:51:37 INFO static website requested: <Request at 0x7ff388623950 method=GET uri=/ clientproto=HTTP/1.1>
2019-04-06 15:51:37 INFO Client connecting: tcp4:127.0.0.1:57054
2019-04-06 15:51:37 INFO WebSocket connection open.
2019-04-06 15:51:37 INFO registered client tcp4:127.0.0.1:57054
2019-04-06 15:51:39 INFO Initiating Connection to Server.
2019-04-06 15:51:39 INFO Connected.
2019-04-06 15:51:39 INFO Resetting reconnection delay
2019-04-06 15:51:46 INFO Lost connection.  Reason: [Failure instance: Traceback (failure with no frames): <type 'exceptions.TypeError'>: int() argument must be a string or a number, not 'NoneType'
]
2019-04-06 15:51:50 INFO Initiating Connection to Server.
2019-04-06 15:51:50 INFO Connected.
2019-04-06 15:51:50 INFO Resetting reconnection delay
2019-04-06 15:51:56 INFO Lost connection.  Reason: [Failure instance: Traceback (failure with no frames): <type 'exceptions.TypeError'>: int() argument must be a string or a number, not 'NoneType'
]
2019-04-06 15:51:59 INFO Initiating Connection to Server.
2019-04-06 15:51:59 INFO Connected.
2019-04-06 15:51:59 INFO Resetting reconnection delay
2019-04-06 15:52:06 INFO Lost connection.  Reason: [Failure instance: Traceback (failure with no frames): <type 'exceptions.TypeError'>: int() argument must be a string or a number, not 'NoneType'
]
2019-04-06 15:52:09 INFO Initiating Connection to Server.
2019-04-06 15:52:09 INFO Connected.
2019-04-06 15:52:09 INFO Resetting reconnection delay
2019-04-06 15:52:16 INFO Lost connection.  Reason: [Failure instance: Traceback (failure with no frames): <type 'exceptions.TypeError'>: int() argument must be a string or a number, not 'NoneType'
]
2019-04-06 15:52:19 INFO Initiating Connection to Server.
2019-04-06 15:52:19 INFO Connected.
2019-04-06 15:52:19 INFO Resetting reconnection delay
2019-04-06 15:52:26 INFO Lost connection.  Reason: [Failure instance: Traceback (failure with no frames): <type 'exceptions.TypeError'>: int() argument must be a string or a number, not 'NoneType'
]
2019-04-06 15:52:29 INFO Initiating Connection to Server.
2019-04-06 15:52:29 INFO Connected.
2019-04-06 15:52:29 INFO Resetting reconnection delay
2019-04-06 15:52:36 INFO Lost connection.  Reason: [Failure instance: Traceback (failure with no frames): <type 'exceptions.TypeError'>: int() argument must be a string or a number, not 'NoneType'
]
2019-04-06 15:52:39 INFO Initiating Connection to Server.
2019-04-06 15:52:39 INFO Connected.
2019-04-06 15:52:39 INFO Resetting reconnection delay
2019-04-06 15:52:46 INFO Lost connection.  Reason: [Failure instance: Traceback (failure with no frames): <type 'exceptions.TypeError'>: int() argument must be a string or a number, not 'NoneType'
]
2019-04-06 15:52:49 INFO Initiating Connection to Server.
2019-04-06 15:52:49 INFO Connected.
2019-04-06 15:52:49 INFO Resetting reconnection delay
2019-04-06 15:52:56 INFO WebSocket connection closed: None
2019-04-06 15:52:56 INFO unregistered client tcp4:127.0.0.1:57054
2019-04-06 15:52:56 INFO static website requested: <Request at 0x7ff3884e0d40 method=GET uri=/ clientproto=HTTP/1.1>
2019-04-06 15:52:56 INFO Client connecting: tcp4:127.0.0.1:57074
2019-04-06 15:52:56 INFO WebSocket connection open.
2019-04-06 15:52:56 INFO registered client tcp4:127.0.0.1:57074
2019-04-06 15:52:56 INFO Lost connection.  Reason: [Failure instance: Traceback (failure with no frames): <type 'exceptions.TypeError'>: int() argument must be a string or a number, not 'NoneType'
]
2019-04-06 15:52:59 INFO Initiating Connection to Server.
2019-04-06 15:52:59 INFO Connected.
2019-04-06 15:52:59 INFO Resetting reconnection delay
2019-04-06 15:53:03 INFO WebSocket connection closed: None
2019-04-06 15:53:03 INFO unregistered client tcp4:127.0.0.1:57074
2019-04-06 15:53:06 INFO Lost connection.  Reason: [Failure instance: Traceback (failure with no frames): <type 'exceptions.TypeError'>: int() argument must be a string or a number, not 'NoneType'
]
2019-04-06 15:53:09 INFO Initiating Connection to Server.
2019-04-06 15:53:09 INFO Connected.
2019-04-06 15:53:09 INFO Resetting reconnection delay
2019-04-06 15:53:16 INFO Lost connection.  Reason: [Failure instance: Traceback (failure with no frames): <type 'exceptions.TypeError'>: int() argument must be a string or a number, not 'NoneType'
]
2019-04-06 15:53:20 INFO Initiating Connection to Server.
2019-04-06 15:53:20 INFO Connected.
2019-04-06 15:53:20 INFO Resetting reconnection delay
2019-04-06 15:53:26 INFO Lost connection.  Reason: [Failure instance: Traceback (failure with no frames): <type 'exceptions.TypeError'>: int() argument must be a string or a number, not 'NoneType'
]
2019-04-06 15:53:29 INFO Initiating Connection to Server.
2019-04-06 15:53:29 INFO Connected.
2019-04-06 15:53:29 INFO Resetting reconnection delay
2019-04-06 15:53:36 INFO Lost connection.  Reason: [Failure instance: Traceback (failure with no frames): <type 'exceptions.TypeError'>: int() argument must be a string or a number, not 'NoneType'
]
2019-04-06 15:53:38 INFO Initiating Connection to Server.
2019-04-06 15:53:38 INFO Connected.
2019-04-06 15:53:38 INFO Resetting reconnection delay
2019-04-06 15:57:02 INFO web_tables.py starting up
2019-04-06 15:57:02 INFO 

Copyright (c) 2016, 2017, 2018, 2019
	The Regents of the K0USY Group. All rights reserved.

2019-04-06 15:57:02 INFO ID ALIAS MAPPER: 'peer_ids.json' is current, not downloaded
2019-04-06 15:57:02 INFO ID ALIAS MAPPER: 'subscriber_ids.json' is current, not downloaded
2019-04-06 15:57:02 INFO ID ALIAS MAPPER: peer_ids dictionary is available
2019-04-06 15:57:05 INFO ID ALIAS MAPPER: subscriber_ids dictionary is available
2019-04-06 15:57:07 INFO CLIENT TIMEOUT: List does not exist, skipping. If this message persists, contact the developer
2019-04-06 15:57:07 INFO reportClient object for connecting to HBlink.py created at: <__main__.reportClientFactory instance at 0x7f757373d7a0>
2019-04-06 15:57:07 INFO Initiating Connection to Server.
2019-04-06 15:57:07 INFO Connection failed. Reason: [Failure instance: Traceback (failure with no frames): <class 'twisted.internet.error.ConnectionRefusedError'>: Connection was refused by other side: 111: Connection refused.
]
2019-04-06 15:57:10 INFO Initiating Connection to Server.
2019-04-06 15:57:10 INFO Connection failed. Reason: [Failure instance: Traceback (failure with no frames): <class 'twisted.internet.error.ConnectionRefusedError'>: Connection was refused by other side: 111: Connection refused.
]
2019-04-06 15:57:12 INFO static website requested: <Request at 0x7f7577343680 method=GET uri=/ clientproto=HTTP/1.1>
2019-04-06 15:57:12 INFO static website requested: <Request at 0x7f75773432d8 method=GET uri=/favicon.ico clientproto=HTTP/1.1>
2019-04-06 15:57:12 INFO Client connecting: tcp4:127.0.0.1:57248
2019-04-06 15:57:12 INFO WebSocket connection open.
2019-04-06 15:57:12 INFO registered client tcp4:127.0.0.1:57248
2019-04-06 15:57:18 INFO Initiating Connection to Server.
2019-04-06 15:57:18 INFO Connection failed. Reason: [Failure instance: Traceback (failure with no frames): <class 'twisted.internet.error.ConnectionRefusedError'>: Connection was refused by other side: 111: Connection refused.
]
2019-04-06 15:57:43 INFO WebSocket connection closed: None
2019-04-06 15:57:43 INFO unregistered client tcp4:127.0.0.1:57248
2019-04-06 15:57:43 INFO static website requested: <Request at 0x7f757373d488 method=GET uri=/ clientproto=HTTP/1.1>
2019-04-06 15:57:43 INFO Client connecting: tcp4:127.0.0.1:57252
2019-04-06 15:57:43 INFO WebSocket connection open.
2019-04-06 15:57:43 INFO registered client tcp4:127.0.0.1:57252
2019-04-06 15:57:45 INFO Initiating Connection to Server.
2019-04-06 15:57:45 INFO Connected.
2019-04-06 15:57:45 INFO Resetting reconnection delay
2019-04-06 15:57:46 INFO WebSocket connection closed: None
2019-04-06 15:57:46 INFO unregistered client tcp4:127.0.0.1:57252
2019-04-06 15:57:46 INFO static website requested: <Request at 0x7f7577445560 method=GET uri=/ clientproto=HTTP/1.1>
2019-04-06 15:57:46 INFO Client connecting: tcp4:127.0.0.1:57256
2019-04-06 15:57:46 INFO WebSocket connection open.
2019-04-06 15:57:46 INFO registered client tcp4:127.0.0.1:57256
2019-04-06 16:02:07 INFO Lost connection.  Reason: [Failure instance: Traceback (failure with no frames): <class 'twisted.internet.error.ConnectionDone'>: Connection was closed cleanly.
]
2019-04-06 16:02:08 INFO Initiating Connection to Server.
2019-04-06 16:02:08 INFO Connection failed. Reason: [Failure instance: Traceback (failure with no frames): <class 'twisted.internet.error.ConnectionRefusedError'>: Connection was refused by other side: 111: Connection refused.
]
2019-04-06 16:02:13 INFO Initiating Connection to Server.
2019-04-06 16:02:13 INFO Connection failed. Reason: [Failure instance: Traceback (failure with no frames): <class 'twisted.internet.error.ConnectionRefusedError'>: Connection was refused by other side: 111: Connection refused.
]
2019-04-06 16:02:21 INFO WebSocket connection closed: None
2019-04-06 16:02:21 INFO unregistered client tcp4:127.0.0.1:57256
2019-04-06 16:02:21 INFO static website requested: <Request at 0x7f7577445dd0 method=GET uri=/ clientproto=HTTP/1.1>
2019-04-06 16:02:21 INFO Client connecting: tcp4:127.0.0.1:57266
2019-04-06 16:02:21 INFO WebSocket connection open.
2019-04-06 16:02:21 INFO registered client tcp4:127.0.0.1:57266
2019-04-06 16:02:23 INFO Initiating Connection to Server.
2019-04-06 16:02:23 INFO Connected.
2019-04-06 16:02:23 INFO Resetting reconnection delay
2019-04-06 16:02:25 INFO Lost connection.  Reason: [Failure instance: Traceback (failure with no frames): <type 'exceptions.KeyError'>: 'REPEATER-1'
]
2019-04-06 16:02:26 INFO WebSocket connection closed: None
2019-04-06 16:02:26 INFO unregistered client tcp4:127.0.0.1:57266
2019-04-06 16:02:26 INFO static website requested: <Request at 0x7f7577156098 method=GET uri=/ clientproto=HTTP/1.1>
2019-04-06 16:02:26 INFO Client connecting: tcp4:127.0.0.1:57270
2019-04-06 16:02:26 INFO WebSocket connection open.
2019-04-06 16:02:26 INFO registered client tcp4:127.0.0.1:57270
2019-04-06 16:02:28 INFO Initiating Connection to Server.
2019-04-06 16:02:28 INFO Connected.
2019-04-06 16:02:28 INFO Resetting reconnection delay
2019-04-06 16:02:29 INFO WebSocket connection closed: None
2019-04-06 16:02:29 INFO unregistered client tcp4:127.0.0.1:57270
2019-04-06 16:02:29 INFO static website requested: <Request at 0x7f7577445a70 method=GET uri=/ clientproto=HTTP/1.1>
2019-04-06 16:02:30 INFO Client connecting: tcp4:127.0.0.1:57274
2019-04-06 16:02:30 INFO WebSocket connection open.
2019-04-06 16:02:30 INFO registered client tcp4:127.0.0.1:57274
2019-04-06 16:02:35 INFO Lost connection.  Reason: [Failure instance: Traceback (failure with no frames): <type 'exceptions.KeyError'>: 'REPEATER-1'
]
2019-04-06 16:02:38 INFO Initiating Connection to Server.
2019-04-06 16:02:38 INFO Connected.
2019-04-06 16:02:38 INFO Resetting reconnection delay
2019-04-06 16:02:45 INFO Lost connection.  Reason: [Failure instance: Traceback (failure with no frames): <type 'exceptions.KeyError'>: 'REPEATER-1'
]
2019-04-06 16:02:48 INFO Initiating Connection to Server.
2019-04-06 16:02:48 INFO Connected.
2019-04-06 16:02:48 INFO Resetting reconnection delay
2019-04-06 16:02:55 INFO Lost connection.  Reason: [Failure instance: Traceback (failure with no frames): <type 'exceptions.KeyError'>: 'REPEATER-1'
]
2019-04-06 16:02:58 INFO Initiating Connection to Server.
2019-04-06 16:02:58 INFO Connected.
2019-04-06 16:02:58 INFO Resetting reconnection delay
2019-04-06 16:03:05 INFO Lost connection.  Reason: [Failure instance: Traceback (failure with no frames): <type 'exceptions.KeyError'>: 'REPEATER-1'
]
2019-04-06 16:03:08 INFO Initiating Connection to Server.
2019-04-06 16:03:08 INFO Connected.
2019-04-06 16:03:08 INFO Resetting reconnection delay
2019-04-06 16:03:15 INFO Lost connection.  Reason: [Failure instance: Traceback (failure with no frames): <type 'exceptions.KeyError'>: 'REPEATER-1'
]
2019-04-06 16:03:18 INFO Initiating Connection to Server.
2019-04-06 16:03:18 INFO Connected.
2019-04-06 16:03:18 INFO Resetting reconnection delay
2019-04-06 16:03:25 INFO Lost connection.  Reason: [Failure instance: Traceback (failure with no frames): <type 'exceptions.KeyError'>: 'REPEATER-1'
]
2019-04-06 16:03:28 INFO Initiating Connection to Server.
2019-04-06 16:03:28 INFO Connected.
2019-04-06 16:03:28 INFO Resetting reconnection delay
2019-04-06 16:03:35 INFO Lost connection.  Reason: [Failure instance: Traceback (failure with no frames): <type 'exceptions.KeyError'>: 'REPEATER-1'
]
2019-04-06 16:03:38 INFO Initiating Connection to Server.
2019-04-06 16:03:38 INFO Connected.
2019-04-06 16:03:38 INFO Resetting reconnection delay
2019-04-06 16:03:45 INFO Lost connection.  Reason: [Failure instance: Traceback (failure with no frames): <type 'exceptions.KeyError'>: 'REPEATER-1'
]
2019-04-06 16:03:48 INFO Initiating Connection to Server.
2019-04-06 16:03:48 INFO Connected.
2019-04-06 16:03:48 INFO Resetting reconnection delay
2019-04-06 16:03:55 INFO Lost connection.  Reason: [Failure instance: Traceback (failure with no frames): <type 'exceptions.KeyError'>: 'REPEATER-1'
]
2019-04-06 16:03:58 INFO Initiating Connection to Server.
2019-04-06 16:03:58 INFO Connected.
2019-04-06 16:03:58 INFO Resetting reconnection delay
2019-04-06 16:04:05 INFO Lost connection.  Reason: [Failure instance: Traceback (failure with no frames): <type 'exceptions.KeyError'>: 'REPEATER-1'
]
2019-04-06 16:04:08 INFO Initiating Connection to Server.
2019-04-06 16:04:08 INFO Connected.
2019-04-06 16:04:08 INFO Resetting reconnection delay
2019-04-06 16:04:15 INFO Lost connection.  Reason: [Failure instance: Traceback (failure with no frames): <type 'exceptions.KeyError'>: 'REPEATER-1'
]
2019-04-06 16:04:17 INFO Initiating Connection to Server.
2019-04-06 16:04:17 INFO Connected.
2019-04-06 16:04:17 INFO Resetting reconnection delay
2019-04-06 16:04:33 INFO Lost connection.  Reason: [Failure instance: Traceback (failure with no frames): <class 'twisted.internet.error.ConnectionDone'>: Connection was closed cleanly.
]
2019-04-06 16:04:36 INFO Initiating Connection to Server.
2019-04-06 16:04:36 INFO Connection failed. Reason: [Failure instance: Traceback (failure with no frames): <class 'twisted.internet.error.ConnectionRefusedError'>: Connection was refused by other side: 111: Connection refused.
]
2019-04-06 16:04:42 INFO Initiating Connection to Server.
2019-04-06 16:04:42 INFO Connected.
2019-04-06 16:04:42 INFO Resetting reconnection delay
2019-04-06 16:04:51 INFO Lost connection.  Reason: [Failure instance: Traceback (failure with no frames): <type 'exceptions.KeyError'>: 'REPEATER-1'
]
2019-04-06 16:04:54 INFO Initiating Connection to Server.
2019-04-06 16:04:54 INFO Connected.
2019-04-06 16:04:54 INFO Resetting reconnection delay
2019-04-06 16:05:01 INFO Lost connection.  Reason: [Failure instance: Traceback (failure with no frames): <type 'exceptions.KeyError'>: 'REPEATER-1'
]
2019-04-06 16:05:04 INFO Initiating Connection to Server.
2019-04-06 16:05:04 INFO Connected.
2019-04-06 16:05:04 INFO Resetting reconnection delay
2019-04-06 16:05:11 INFO Lost connection.  Reason: [Failure instance: Traceback (failure with no frames): <type 'exceptions.KeyError'>: 'REPEATER-1'
]
2019-04-06 16:05:14 INFO Initiating Connection to Server.
2019-04-06 16:05:14 INFO Connected.
2019-04-06 16:05:14 INFO Resetting reconnection delay
2019-04-06 16:05:21 INFO Lost connection.  Reason: [Failure instance: Traceback (failure with no frames): <type 'exceptions.KeyError'>: 'REPEATER-1'
]
2019-04-06 16:05:24 INFO Initiating Connection to Server.
2019-04-06 16:05:24 INFO Connected.
2019-04-06 16:05:24 INFO Resetting reconnection delay
2019-04-06 16:05:31 INFO Lost connection.  Reason: [Failure instance: Traceback (failure with no frames): <type 'exceptions.KeyError'>: 'REPEATER-1'
]
2019-04-06 16:05:34 INFO Initiating Connection to Server.
2019-04-06 16:05:34 INFO Connected.
2019-04-06 16:05:34 INFO Resetting reconnection delay
2019-04-06 16:05:41 INFO Lost connection.  Reason: [Failure instance: Traceback (failure with no frames): <type 'exceptions.KeyError'>: 'REPEATER-1'
]
2019-04-06 16:05:44 INFO Initiating Connection to Server.
2019-04-06 16:05:44 INFO Connected.
2019-04-06 16:05:44 INFO Resetting reconnection delay
2019-04-06 16:05:51 INFO Lost connection.  Reason: [Failure instance: Traceback (failure with no frames): <type 'exceptions.KeyError'>: 'REPEATER-1'
]
2019-04-06 16:05:54 INFO Initiating Connection to Server.
2019-04-06 16:05:54 INFO Connected.
2019-04-06 16:05:54 INFO Resetting reconnection delay
2019-04-06 16:06:01 INFO Lost connection.  Reason: [Failure instance: Traceback (failure with no frames): <type 'exceptions.KeyError'>: 'REPEATER-1'
]
2019-04-06 16:06:04 INFO Initiating Connection to Server.
2019-04-06 16:06:04 INFO Connected.
2019-04-06 16:06:04 INFO Resetting reconnection delay
2019-04-06 16:06:11 INFO Lost connection.  Reason: [Failure instance: Traceback (failure with no frames): <type 'exceptions.KeyError'>: 'REPEATER-1'
]
2019-04-06 16:06:14 INFO Initiating Connection to Server.
2019-04-06 16:06:14 INFO Connected.
2019-04-06 16:06:14 INFO Resetting reconnection delay
2019-04-06 16:06:21 INFO web_tables.py starting up
2019-04-06 16:06:21 INFO 

Copyright (c) 2016, 2017, 2018, 2019
	The Regents of the K0USY Group. All rights reserved.

2019-04-06 16:06:21 INFO ID ALIAS MAPPER: 'peer_ids.json' is current, not downloaded
2019-04-06 16:06:21 INFO ID ALIAS MAPPER: 'subscriber_ids.json' is current, not downloaded
2019-04-06 16:06:21 INFO ID ALIAS MAPPER: peer_ids dictionary is available
2019-04-06 16:06:24 INFO ID ALIAS MAPPER: subscriber_ids dictionary is available
2019-04-06 16:06:24 INFO CLIENT TIMEOUT: List does not exist, skipping. If this message persists, contact the developer
2019-04-06 16:06:24 INFO reportClient object for connecting to HBlink.py created at: <__main__.reportClientFactory instance at 0x7fbe28cfd7a0>
2019-04-06 16:06:24 INFO Initiating Connection to Server.
2019-04-06 16:06:35 INFO web_tables.py starting up
2019-04-06 16:06:35 INFO 

Copyright (c) 2016, 2017, 2018, 2019
	The Regents of the K0USY Group. All rights reserved.

2019-04-06 16:06:35 INFO ID ALIAS MAPPER: 'peer_ids.json' is current, not downloaded
2019-04-06 16:06:35 INFO ID ALIAS MAPPER: 'subscriber_ids.json' is current, not downloaded
2019-04-06 16:06:35 INFO ID ALIAS MAPPER: peer_ids dictionary is available
2019-04-06 16:06:37 INFO ID ALIAS MAPPER: subscriber_ids dictionary is available
2019-04-06 16:06:38 INFO CLIENT TIMEOUT: List does not exist, skipping. If this message persists, contact the developer
2019-04-06 16:06:38 INFO reportClient object for connecting to HBlink.py created at: <__main__.reportClientFactory instance at 0x7f37f7f557a0>
2019-04-06 16:06:38 INFO Initiating Connection to Server.
2019-04-06 16:06:38 INFO Connected.
2019-04-06 16:06:38 INFO Resetting reconnection delay
2019-04-06 16:07:06 INFO static website requested: <Request at 0x7f37fbb5b8c0 method=GET uri=/ clientproto=HTTP/1.1>
2019-04-06 16:07:07 INFO Client connecting: tcp4:127.0.0.1:57330
2019-04-06 16:07:07 INFO WebSocket connection open.
2019-04-06 16:07:07 INFO registered client tcp4:127.0.0.1:57330
2019-04-06 16:07:37 INFO WebSocket connection closed: None
2019-04-06 16:07:37 INFO unregistered client tcp4:127.0.0.1:57330
2019-04-06 16:08:21 INFO Lost connection.  Reason: [Failure instance: Traceback (failure with no frames): <class 'twisted.internet.error.ConnectionDone'>: Connection was closed cleanly.
]
2019-04-06 16:08:24 INFO Initiating Connection to Server.
2019-04-06 16:08:24 INFO Connection failed. Reason: [Failure instance: Traceback (failure with no frames): <class 'twisted.internet.error.ConnectionRefusedError'>: Connection was refused by other side: 111: Connection refused.
]
2019-04-06 16:08:33 INFO Initiating Connection to Server.
2019-04-06 16:08:33 INFO Connection failed. Reason: [Failure instance: Traceback (failure with no frames): <class 'twisted.internet.error.ConnectionRefusedError'>: Connection was refused by other side: 111: Connection refused.
]
2019-04-06 16:08:55 INFO Initiating Connection to Server.
2019-04-06 16:08:55 INFO Connected.
2019-04-06 16:08:55 INFO Resetting reconnection delay
2019-04-06 16:09:20 INFO static website requested: <Request at 0x7f37fbbf27a0 method=GET uri=/ clientproto=HTTP/1.1>
2019-04-06 16:09:21 INFO Client connecting: tcp4:127.0.0.1:57352
2019-04-06 16:09:21 INFO WebSocket connection open.
2019-04-06 16:09:21 INFO registered client tcp4:127.0.0.1:57352
2019-04-06 16:11:15 INFO WebSocket connection closed: None
2019-04-06 16:11:15 INFO unregistered client tcp4:127.0.0.1:57352
2019-04-06 16:11:15 INFO static website requested: <Request at 0x7f37fbbf2bd8 method=GET uri=/ clientproto=HTTP/1.1>
2019-04-06 16:11:15 INFO Client connecting: tcp4:127.0.0.1:57356
2019-04-06 16:11:15 INFO WebSocket connection open.
2019-04-06 16:11:15 INFO registered client tcp4:127.0.0.1:57356
2019-04-06 16:16:18 INFO TIMEOUT: disconnecting client 1554559875.36
2019-04-06 16:16:18 INFO WebSocket connection closed: None
2019-04-06 16:16:18 INFO unregistered client tcp4:127.0.0.1:57356
2019-04-06 16:16:24 INFO static website requested: <Request at 0x7f37fb887098 method=GET uri=/ clientproto=HTTP/1.1>
2019-04-06 16:16:24 INFO Client connecting: tcp4:127.0.0.1:57456
2019-04-06 16:16:24 INFO WebSocket connection open.
2019-04-06 16:16:24 INFO registered client tcp4:127.0.0.1:57456
2019-04-06 16:19:43 INFO Lost connection.  Reason: [Failure instance: Traceback (failure with no frames): <class 'twisted.internet.error.ConnectionDone'>: Connection was closed cleanly.
]
2019-04-06 16:19:45 INFO Initiating Connection to Server.
2019-04-06 16:19:45 INFO Connection failed. Reason: [Failure instance: Traceback (failure with no frames): <class 'twisted.internet.error.ConnectionRefusedError'>: Connection was refused by other side: 111: Connection refused.
]
2019-04-06 16:19:48 INFO WebSocket connection closed: None
2019-04-06 16:19:48 INFO unregistered client tcp4:127.0.0.1:57456
2019-04-06 16:19:48 INFO static website requested: <Request at 0x7f37fb887368 method=GET uri=/ clientproto=HTTP/1.1>
2019-04-06 16:19:48 INFO Client connecting: tcp4:127.0.0.1:57468
2019-04-06 16:19:48 INFO WebSocket connection open.
2019-04-06 16:19:48 INFO registered client tcp4:127.0.0.1:57468
2019-04-06 16:19:50 INFO WebSocket connection closed: None
2019-04-06 16:19:50 INFO unregistered client tcp4:127.0.0.1:57468
2019-04-06 16:19:50 INFO static website requested: <Request at 0x7f37fbbf2710 method=GET uri=/ clientproto=HTTP/1.1>
2019-04-06 16:19:50 INFO Client connecting: tcp4:127.0.0.1:57470
2019-04-06 16:19:50 INFO WebSocket connection open.
2019-04-06 16:19:50 INFO registered client tcp4:127.0.0.1:57470
2019-04-06 16:19:53 INFO WebSocket connection closed: None
2019-04-06 16:19:53 INFO unregistered client tcp4:127.0.0.1:57470
2019-04-06 16:19:53 INFO static website requested: <Request at 0x7f37fb887680 method=GET uri=/ clientproto=HTTP/1.1>
2019-04-06 16:19:53 INFO Client connecting: tcp4:127.0.0.1:57472
2019-04-06 16:19:53 INFO WebSocket connection open.
2019-04-06 16:19:53 INFO registered client tcp4:127.0.0.1:57472
2019-04-06 16:19:54 INFO Initiating Connection to Server.
2019-04-06 16:19:54 INFO Connection failed. Reason: [Failure instance: Traceback (failure with no frames): <class 'twisted.internet.error.ConnectionRefusedError'>: Connection was refused by other side: 111: Connection refused.
]
2019-04-06 16:19:54 INFO WebSocket connection closed: None
2019-04-06 16:19:54 INFO unregistered client tcp4:127.0.0.1:57472
2019-04-06 16:19:54 INFO static website requested: <Request at 0x7f37fbbf2c68 method=GET uri=/ clientproto=HTTP/1.1>
2019-04-06 16:19:54 INFO Client connecting: tcp4:127.0.0.1:57476
2019-04-06 16:19:54 INFO WebSocket connection open.
2019-04-06 16:19:54 INFO registered client tcp4:127.0.0.1:57476
2019-04-06 16:19:55 INFO WebSocket connection closed: None
2019-04-06 16:19:55 INFO unregistered client tcp4:127.0.0.1:57476
2019-04-06 16:19:55 INFO static website requested: <Request at 0x7f37fb887bd8 method=GET uri=/ clientproto=HTTP/1.1>
2019-04-06 16:19:55 INFO Client connecting: tcp4:127.0.0.1:57478
2019-04-06 16:19:55 INFO WebSocket connection open.
2019-04-06 16:19:55 INFO registered client tcp4:127.0.0.1:57478
2019-04-06 16:20:16 INFO Initiating Connection to Server.
2019-04-06 16:20:16 INFO Connection failed. Reason: [Failure instance: Traceback (failure with no frames): <class 'twisted.internet.error.ConnectionRefusedError'>: Connection was refused by other side: 111: Connection refused.
]
2019-04-06 16:20:57 INFO WebSocket connection closed: None
2019-04-06 16:20:57 INFO unregistered client tcp4:127.0.0.1:57478
2019-04-06 16:20:57 INFO static website requested: <Request at 0x7f37fb887440 method=GET uri=/ clientproto=HTTP/1.1>
2019-04-06 16:20:57 INFO Client connecting: tcp4:127.0.0.1:57484
2019-04-06 16:20:57 INFO WebSocket connection open.
2019-04-06 16:20:57 INFO registered client tcp4:127.0.0.1:57484
2019-04-06 16:20:59 INFO WebSocket connection closed: None
2019-04-06 16:20:59 INFO unregistered client tcp4:127.0.0.1:57484
2019-04-06 16:20:59 INFO static website requested: <Request at 0x7f37fb887d40 method=GET uri=/ clientproto=HTTP/1.1>
2019-04-06 16:20:59 INFO Client connecting: tcp4:127.0.0.1:57486
2019-04-06 16:20:59 INFO WebSocket connection open.
2019-04-06 16:20:59 INFO registered client tcp4:127.0.0.1:57486
2019-04-06 16:21:02 INFO WebSocket connection closed: None
2019-04-06 16:21:02 INFO unregistered client tcp4:127.0.0.1:57486
2019-04-06 16:21:07 INFO Initiating Connection to Server.
2019-04-06 16:21:07 INFO Connected.
2019-04-06 16:21:07 INFO Resetting reconnection delay
2019-04-06 16:21:09 INFO Lost connection.  Reason: [Failure instance: Traceback (failure with no frames): <type 'exceptions.KeyError'>: 'Webkrab-Parrot'
]
2019-04-06 16:21:11 INFO Initiating Connection to Server.
2019-04-06 16:21:11 INFO Connected.
2019-04-06 16:21:11 INFO Resetting reconnection delay
2019-04-06 16:21:25 INFO web_tables.py starting up
2019-04-06 16:21:25 INFO 

Copyright (c) 2016, 2017, 2018, 2019
	The Regents of the K0USY Group. All rights reserved.

2019-04-06 16:21:25 INFO ID ALIAS MAPPER: 'peer_ids.json' is current, not downloaded
2019-04-06 16:21:25 INFO ID ALIAS MAPPER: 'subscriber_ids.json' is current, not downloaded
2019-04-06 16:21:26 INFO ID ALIAS MAPPER: peer_ids dictionary is available
2019-04-06 16:21:29 INFO ID ALIAS MAPPER: subscriber_ids dictionary is available
2019-04-06 16:21:31 INFO CLIENT TIMEOUT: List does not exist, skipping. If this message persists, contact the developer
2019-04-06 16:21:31 INFO reportClient object for connecting to HBlink.py created at: <__main__.reportClientFactory instance at 0x7ff4a1f057a0>
2019-04-06 16:21:31 INFO Initiating Connection to Server.
2019-04-06 16:21:31 INFO Connected.
2019-04-06 16:21:31 INFO Resetting reconnection delay
2019-04-06 16:21:53 INFO static website requested: <Request at 0x7ff4a5b0b998 method=GET uri=/ clientproto=HTTP/1.1>
2019-04-06 16:21:55 INFO Client connecting: tcp4:127.0.0.1:57504
2019-04-06 16:21:55 INFO WebSocket connection open.
2019-04-06 16:21:55 INFO registered client tcp4:127.0.0.1:57504
2019-04-06 16:22:56 INFO WebSocket connection closed: None
2019-04-06 16:22:56 INFO unregistered client tcp4:127.0.0.1:57504
2019-04-06 16:49:25 INFO Lost connection.  Reason: [Failure instance: Traceback (failure with no frames): <class 'twisted.internet.error.ConnectionDone'>: Connection was closed cleanly.
]
2019-04-06 16:49:28 INFO Initiating Connection to Server.
2019-04-06 16:49:28 INFO Connection failed. Reason: [Failure instance: Traceback (failure with no frames): <class 'twisted.internet.error.ConnectionRefusedError'>: Connection was refused by other side: 111: Connection refused.
]
2019-04-06 16:49:37 INFO Initiating Connection to Server.
2019-04-06 16:49:37 INFO Connected.
2019-04-06 16:49:37 INFO Resetting reconnection delay
2019-04-06 16:50:10 INFO static website requested: <Request at 0x7ff4a5bff758 method=GET uri=/ clientproto=HTTP/1.1>
2019-04-06 16:50:11 INFO static website requested: <Request at 0x7ff4a1f05878 method=GET uri=/favicon.ico clientproto=HTTP/1.1>
2019-04-06 16:50:11 INFO Client connecting: tcp4:127.0.0.1:57630
2019-04-06 16:50:11 INFO WebSocket connection open.
2019-04-06 16:50:11 INFO registered client tcp4:127.0.0.1:57630
2019-04-06 16:55:21 INFO TIMEOUT: disconnecting client 1554562211.61
2019-04-06 16:55:21 INFO WebSocket connection closed: None
2019-04-06 16:55:21 INFO unregistered client tcp4:127.0.0.1:57630
2019-04-06 16:55:50 INFO Lost connection.  Reason: [Failure instance: Traceback (failure with no frames): <class 'twisted.internet.error.ConnectionDone'>: Connection was closed cleanly.
]
2019-04-06 16:55:52 INFO Initiating Connection to Server.
2019-04-06 16:55:52 INFO Connection failed. Reason: [Failure instance: Traceback (failure with no frames): <class 'twisted.internet.error.ConnectionRefusedError'>: Connection was refused by other side: 111: Connection refused.
]
2019-04-06 16:56:01 INFO Initiating Connection to Server.
2019-04-06 16:56:01 INFO Connection failed. Reason: [Failure instance: Traceback (failure with no frames): <class 'twisted.internet.error.ConnectionRefusedError'>: Connection was refused by other side: 111: Connection refused.
]
2019-04-06 16:56:17 INFO Initiating Connection to Server.
2019-04-06 16:56:17 INFO Connection failed. Reason: [Failure instance: Traceback (failure with no frames): <class 'twisted.internet.error.ConnectionRefusedError'>: Connection was refused by other side: 111: Connection refused.
]
2019-04-06 17:17:03 INFO web_tables.py starting up
2019-04-06 17:17:03 INFO 

Copyright (c) 2016, 2017, 2018, 2019
	The Regents of the K0USY Group. All rights reserved.

2019-04-06 17:17:03 INFO ID ALIAS MAPPER: 'peer_ids.json' is current, not downloaded
2019-04-06 17:17:03 INFO ID ALIAS MAPPER: 'subscriber_ids.json' is current, not downloaded
2019-04-06 17:17:04 INFO ID ALIAS MAPPER: peer_ids dictionary is available
2019-04-06 17:17:08 INFO ID ALIAS MAPPER: subscriber_ids dictionary is available
2019-04-06 17:17:09 INFO CLIENT TIMEOUT: List does not exist, skipping. If this message persists, contact the developer
2019-04-06 17:17:09 INFO reportClient object for connecting to HBlink.py created at: <__main__.reportClientFactory instance at 0x7f1d9397d7a0>
2019-04-06 17:17:09 INFO Initiating Connection to Server.
2019-04-06 17:17:09 INFO Connection failed. Reason: [Failure instance: Traceback (failure with no frames): <class 'twisted.internet.error.ConnectionRefusedError'>: Connection was refused by other side: 111: Connection refused.
]
2019-04-06 17:17:12 INFO Initiating Connection to Server.
2019-04-06 17:17:12 INFO Connection failed. Reason: [Failure instance: Traceback (failure with no frames): <class 'twisted.internet.error.ConnectionRefusedError'>: Connection was refused by other side: 111: Connection refused.
]
2019-04-06 17:17:18 INFO Initiating Connection to Server.
2019-04-06 17:17:18 INFO Connection failed. Reason: [Failure instance: Traceback (failure with no frames): <class 'twisted.internet.error.ConnectionRefusedError'>: Connection was refused by other side: 111: Connection refused.
]
2019-04-06 17:17:33 INFO Initiating Connection to Server.
2019-04-06 17:17:33 INFO Connection failed. Reason: [Failure instance: Traceback (failure with no frames): <class 'twisted.internet.error.ConnectionRefusedError'>: Connection was refused by other side: 111: Connection refused.
]
2019-04-06 17:19:11 INFO web_tables.py starting up
2019-04-06 17:19:11 INFO 

Copyright (c) 2016, 2017, 2018, 2019
	The Regents of the K0USY Group. All rights reserved.

2019-04-06 17:19:11 INFO ID ALIAS MAPPER: 'peer_ids.json' is current, not downloaded
2019-04-06 17:19:11 INFO ID ALIAS MAPPER: 'subscriber_ids.json' is current, not downloaded
2019-04-06 17:19:11 INFO ID ALIAS MAPPER: peer_ids dictionary is available
2019-04-06 17:24:34 INFO web_tables.py starting up
2019-04-06 17:24:34 INFO 

Copyright (c) 2016, 2017, 2018, 2019
	The Regents of the K0USY Group. All rights reserved.

2019-04-06 17:24:34 INFO ID ALIAS MAPPER: 'peer_ids.json' is current, not downloaded
2019-04-06 17:24:34 INFO ID ALIAS MAPPER: 'subscriber_ids.json' is current, not downloaded
2019-04-06 17:24:34 INFO ID ALIAS MAPPER: peer_ids dictionary is available
2019-04-06 17:24:37 INFO ID ALIAS MAPPER: subscriber_ids dictionary is available
2019-04-06 17:24:39 INFO CLIENT TIMEOUT: List does not exist, skipping. If this message persists, contact the developer
2019-04-06 17:24:39 INFO reportClient object for connecting to HBlink.py created at: <__main__.reportClientFactory instance at 0x7fa19975d7a0>
2019-04-06 17:24:39 INFO Initiating Connection to Server.
2019-04-06 17:24:39 INFO Connection failed. Reason: [Failure instance: Traceback (failure with no frames): <class 'twisted.internet.error.ConnectionRefusedError'>: Connection was refused by other side: 111: Connection refused.
]
2019-04-06 17:24:42 INFO Initiating Connection to Server.
2019-04-06 17:24:42 INFO Connection failed. Reason: [Failure instance: Traceback (failure with no frames): <class 'twisted.internet.error.ConnectionRefusedError'>: Connection was refused by other side: 111: Connection refused.
]
2019-04-06 17:24:51 INFO Initiating Connection to Server.
2019-04-06 17:24:51 INFO Connection failed. Reason: [Failure instance: Traceback (failure with no frames): <class 'twisted.internet.error.ConnectionRefusedError'>: Connection was refused by other side: 111: Connection refused.
]
2019-04-06 17:25:13 INFO Initiating Connection to Server.
2019-04-06 17:25:13 INFO Connection failed. Reason: [Failure instance: Traceback (failure with no frames): <class 'twisted.internet.error.ConnectionRefusedError'>: Connection was refused by other side: 111: Connection refused.
]
2019-04-06 17:26:17 INFO Initiating Connection to Server.
2019-04-06 17:26:17 INFO Connection failed. Reason: [Failure instance: Traceback (failure with no frames): <class 'twisted.internet.error.ConnectionRefusedError'>: Connection was refused by other side: 111: Connection refused.
]
2019-04-06 17:27:16 INFO static website requested: <Request at 0x7fa19d363950 method=GET uri=/ clientproto=HTTP/1.1>
2019-04-06 17:27:26 INFO static website requested: <Request at 0x7fa19975d8c0 method=GET uri=/favicon.ico clientproto=HTTP/1.1>
2019-04-06 17:27:27 INFO Client connecting: tcp4:127.0.0.1:57892
2019-04-06 17:27:27 INFO WebSocket connection open.
2019-04-06 17:27:27 INFO registered client tcp4:127.0.0.1:57892
2019-04-06 17:27:34 INFO WebSocket connection closed: None
2019-04-06 17:27:34 INFO unregistered client tcp4:127.0.0.1:57892
2019-04-06 17:27:42 INFO static website requested: <Request at 0x7fa19d363050 method=GET uri=/ clientproto=HTTP/1.1>
2019-04-06 17:27:42 INFO Client connecting: tcp4:127.0.0.1:57896
2019-04-06 17:27:42 INFO WebSocket connection open.
2019-04-06 17:27:42 INFO registered client tcp4:127.0.0.1:57896
2019-04-06 17:27:51 INFO WebSocket connection closed: None
2019-04-06 17:27:51 INFO unregistered client tcp4:127.0.0.1:57896
2019-04-06 17:27:51 INFO static website requested: <Request at 0x7fa19d363098 method=GET uri=/ clientproto=HTTP/1.1>
2019-04-06 17:27:52 INFO Client connecting: tcp4:127.0.0.1:57898
2019-04-06 17:27:52 INFO WebSocket connection open.
2019-04-06 17:27:52 INFO registered client tcp4:127.0.0.1:57898
2019-04-06 17:28:09 INFO web_tables.py starting up
2019-04-06 17:28:09 INFO 

Copyright (c) 2016, 2017, 2018, 2019
	The Regents of the K0USY Group. All rights reserved.

2019-04-06 17:28:09 INFO ID ALIAS MAPPER: 'peer_ids.json' is current, not downloaded
2019-04-06 17:28:09 INFO ID ALIAS MAPPER: 'subscriber_ids.json' is current, not downloaded
2019-04-06 17:28:09 INFO ID ALIAS MAPPER: peer_ids dictionary is available
2019-04-06 17:44:55 INFO web_tables.py starting up
2019-04-06 17:44:55 INFO 

Copyright (c) 2016, 2017, 2018, 2019
	The Regents of the K0USY Group. All rights reserved.

2019-04-06 17:44:55 INFO ID ALIAS MAPPER: 'peer_ids.json' is current, not downloaded
2019-04-06 17:44:55 INFO ID ALIAS MAPPER: 'subscriber_ids.json' is current, not downloaded
2019-04-06 17:44:56 INFO ID ALIAS MAPPER: peer_ids dictionary is available
2019-04-06 17:44:59 INFO ID ALIAS MAPPER: subscriber_ids dictionary is available
2019-04-06 17:45:00 INFO CLIENT TIMEOUT: List does not exist, skipping. If this message persists, contact the developer
2019-04-06 17:45:00 INFO reportClient object for connecting to HBlink.py created at: <__main__.reportClientFactory instance at 0x7fdbc06657a0>
2019-04-06 17:45:00 INFO Initiating Connection to Server.
2019-04-06 17:45:00 INFO Connected.
2019-04-06 17:45:00 INFO Resetting reconnection delay
2019-04-06 17:45:07 INFO static website requested: <Request at 0x7fdbc426b7a0 method=GET uri=/ clientproto=HTTP/1.1>
2019-04-06 17:45:08 INFO Client connecting: tcp4:127.0.0.1:57942
2019-04-06 17:45:08 INFO WebSocket connection open.
2019-04-06 17:45:08 INFO registered client tcp4:127.0.0.1:57942
2019-04-06 17:45:09 INFO Lost connection.  Reason: [Failure instance: Traceback (failure with no frames): <type 'exceptions.TypeError'>: int() argument must be a string or a number, not 'NoneType'
]
2019-04-06 17:45:12 INFO Initiating Connection to Server.
2019-04-06 17:45:12 INFO Connected.
2019-04-06 17:45:12 INFO Resetting reconnection delay
2019-04-06 17:45:19 INFO Lost connection.  Reason: [Failure instance: Traceback (failure with no frames): <type 'exceptions.TypeError'>: int() argument must be a string or a number, not 'NoneType'
]
2019-04-06 17:45:22 INFO Initiating Connection to Server.
2019-04-06 17:45:22 INFO Connected.
2019-04-06 17:45:23 INFO Resetting reconnection delay
2019-04-06 17:45:29 INFO Lost connection.  Reason: [Failure instance: Traceback (failure with no frames): <type 'exceptions.TypeError'>: int() argument must be a string or a number, not 'NoneType'
]
2019-04-06 17:45:32 INFO Initiating Connection to Server.
2019-04-06 17:45:32 INFO Connected.
2019-04-06 17:45:32 INFO Resetting reconnection delay
2019-04-06 17:45:39 INFO Lost connection.  Reason: [Failure instance: Traceback (failure with no frames): <type 'exceptions.TypeError'>: int() argument must be a string or a number, not 'NoneType'
]
2019-04-06 17:45:42 INFO Initiating Connection to Server.
2019-04-06 17:45:42 INFO Connected.
2019-04-06 17:45:42 INFO Resetting reconnection delay
2019-04-06 17:45:49 INFO Lost connection.  Reason: [Failure instance: Traceback (failure with no frames): <type 'exceptions.TypeError'>: int() argument must be a string or a number, not 'NoneType'
]
2019-04-06 17:45:52 INFO Initiating Connection to Server.
2019-04-06 17:45:52 INFO Connected.
2019-04-06 17:45:52 INFO Resetting reconnection delay
2019-04-06 17:45:59 INFO Lost connection.  Reason: [Failure instance: Traceback (failure with no frames): <type 'exceptions.TypeError'>: int() argument must be a string or a number, not 'NoneType'
]
2019-04-06 17:46:01 INFO Initiating Connection to Server.
2019-04-06 17:46:01 INFO Connected.
2019-04-06 17:46:01 INFO Resetting reconnection delay
2019-04-06 17:46:09 INFO Lost connection.  Reason: [Failure instance: Traceback (failure with no frames): <type 'exceptions.TypeError'>: int() argument must be a string or a number, not 'NoneType'
]
2019-04-06 17:46:12 INFO Initiating Connection to Server.
2019-04-06 17:46:12 INFO Connected.
2019-04-06 17:46:12 INFO Resetting reconnection delay
2019-04-06 17:46:19 INFO Lost connection.  Reason: [Failure instance: Traceback (failure with no frames): <type 'exceptions.TypeError'>: int() argument must be a string or a number, not 'NoneType'
]
2019-04-06 17:46:22 INFO Initiating Connection to Server.
2019-04-06 17:46:22 INFO Connected.
2019-04-06 17:46:22 INFO Resetting reconnection delay
2019-04-06 17:46:29 INFO Lost connection.  Reason: [Failure instance: Traceback (failure with no frames): <type 'exceptions.TypeError'>: int() argument must be a string or a number, not 'NoneType'
]
2019-04-06 17:46:32 INFO Initiating Connection to Server.
2019-04-06 17:46:32 INFO Connected.
2019-04-06 17:46:32 INFO Resetting reconnection delay
2019-04-06 17:46:39 INFO Lost connection.  Reason: [Failure instance: Traceback (failure with no frames): <type 'exceptions.TypeError'>: int() argument must be a string or a number, not 'NoneType'
]
2019-04-06 17:46:42 INFO Initiating Connection to Server.
2019-04-06 17:46:42 INFO Connected.
2019-04-06 17:46:42 INFO Resetting reconnection delay
2019-04-06 17:46:49 INFO Lost connection.  Reason: [Failure instance: Traceback (failure with no frames): <type 'exceptions.TypeError'>: int() argument must be a string or a number, not 'NoneType'
]
2019-04-06 17:46:52 INFO Initiating Connection to Server.
2019-04-06 17:46:52 INFO Connected.
2019-04-06 17:46:52 INFO Resetting reconnection delay
2019-04-06 17:46:57 INFO Lost connection.  Reason: [Failure instance: Traceback (failure with no frames): <class 'twisted.internet.error.ConnectionDone'>: Connection was closed cleanly.
]
2019-04-06 17:47:00 INFO Initiating Connection to Server.
2019-04-06 17:47:00 INFO Connection failed. Reason: [Failure instance: Traceback (failure with no frames): <class 'twisted.internet.error.ConnectionRefusedError'>: Connection was refused by other side: 111: Connection refused.
]
2019-04-06 17:47:07 INFO Initiating Connection to Server.
2019-04-06 17:47:07 INFO Connection failed. Reason: [Failure instance: Traceback (failure with no frames): <class 'twisted.internet.error.ConnectionRefusedError'>: Connection was refused by other side: 111: Connection refused.
]
2019-04-06 17:47:18 INFO WebSocket connection closed: None
2019-04-06 17:47:18 INFO unregistered client tcp4:127.0.0.1:57942
2019-04-06 17:47:18 INFO static website requested: <Request at 0x7fdbc34ac368 method=GET uri=/ clientproto=HTTP/1.1>
2019-04-06 17:47:18 INFO Client connecting: tcp4:127.0.0.1:57972
2019-04-06 17:47:18 INFO WebSocket connection open.
2019-04-06 17:47:18 INFO registered client tcp4:127.0.0.1:57972
2019-04-06 17:47:21 INFO WebSocket connection closed: None
2019-04-06 17:47:21 INFO unregistered client tcp4:127.0.0.1:57972
2019-04-06 17:47:21 INFO static website requested: <Request at 0x7fdbc362af38 method=GET uri=/ clientproto=HTTP/1.1>
2019-04-06 17:47:22 INFO Client connecting: tcp4:127.0.0.1:57976
2019-04-06 17:47:22 INFO WebSocket connection open.
2019-04-06 17:47:22 INFO registered client tcp4:127.0.0.1:57976
2019-04-06 17:47:29 INFO Initiating Connection to Server.
2019-04-06 17:47:29 INFO Connected.
2019-04-06 17:47:29 INFO Resetting reconnection delay
2019-04-06 17:47:31 INFO Lost connection.  Reason: [Failure instance: Traceback (failure with no frames): <type 'exceptions.TypeError'>: int() argument must be a string or a number, not 'NoneType'
]
2019-04-06 17:47:33 INFO Initiating Connection to Server.
2019-04-06 17:47:33 INFO Connected.
2019-04-06 17:47:33 INFO Resetting reconnection delay
2019-04-06 17:47:41 INFO Lost connection.  Reason: [Failure instance: Traceback (failure with no frames): <type 'exceptions.TypeError'>: int() argument must be a string or a number, not 'NoneType'
]
2019-04-06 17:47:43 INFO Initiating Connection to Server.
2019-04-06 17:47:43 INFO Connected.
2019-04-06 17:47:43 INFO Resetting reconnection delay
2019-04-06 17:47:51 INFO Lost connection.  Reason: [Failure instance: Traceback (failure with no frames): <type 'exceptions.TypeError'>: int() argument must be a string or a number, not 'NoneType'
]
2019-04-06 17:47:54 INFO Initiating Connection to Server.
2019-04-06 17:47:54 INFO Connected.
2019-04-06 17:47:54 INFO Resetting reconnection delay
2019-04-06 17:48:01 INFO Lost connection.  Reason: [Failure instance: Traceback (failure with no frames): <type 'exceptions.TypeError'>: int() argument must be a string or a number, not 'NoneType'
]
2019-04-06 17:48:03 INFO Initiating Connection to Server.
2019-04-06 17:48:03 INFO Connected.
2019-04-06 17:48:03 INFO Resetting reconnection delay
2019-04-06 17:48:11 INFO Lost connection.  Reason: [Failure instance: Traceback (failure with no frames): <type 'exceptions.TypeError'>: int() argument must be a string or a number, not 'NoneType'
]
2019-04-06 17:48:13 INFO Initiating Connection to Server.
2019-04-06 17:48:13 INFO Connected.
2019-04-06 17:48:13 INFO Resetting reconnection delay
2019-04-06 17:48:21 INFO Lost connection.  Reason: [Failure instance: Traceback (failure with no frames): <type 'exceptions.TypeError'>: int() argument must be a string or a number, not 'NoneType'
]
2019-04-06 17:48:23 INFO Initiating Connection to Server.
2019-04-06 17:48:23 INFO Connected.
2019-04-06 17:48:23 INFO Resetting reconnection delay
2019-04-06 17:48:31 INFO Lost connection.  Reason: [Failure instance: Traceback (failure with no frames): <type 'exceptions.TypeError'>: int() argument must be a string or a number, not 'NoneType'
]
2019-04-06 17:48:34 INFO Initiating Connection to Server.
2019-04-06 17:48:34 INFO Connected.
2019-04-06 17:48:34 INFO Resetting reconnection delay
2019-04-06 17:48:41 INFO Lost connection.  Reason: [Failure instance: Traceback (failure with no frames): <type 'exceptions.TypeError'>: int() argument must be a string or a number, not 'NoneType'
]
2019-04-06 17:48:44 INFO Initiating Connection to Server.
2019-04-06 17:48:44 INFO Connected.
2019-04-06 17:48:44 INFO Resetting reconnection delay
2019-04-06 17:48:51 INFO Lost connection.  Reason: [Failure instance: Traceback (failure with no frames): <type 'exceptions.TypeError'>: int() argument must be a string or a number, not 'NoneType'
]
2019-04-06 17:48:54 INFO Initiating Connection to Server.
2019-04-06 17:48:54 INFO Connected.
2019-04-06 17:48:54 INFO Resetting reconnection delay
2019-04-06 17:49:01 INFO Lost connection.  Reason: [Failure instance: Traceback (failure with no frames): <type 'exceptions.TypeError'>: int() argument must be a string or a number, not 'NoneType'
]
2019-04-06 17:49:03 INFO Initiating Connection to Server.
2019-04-06 17:49:03 INFO Connected.
2019-04-06 17:49:03 INFO Resetting reconnection delay
2019-04-06 17:49:11 INFO Lost connection.  Reason: [Failure instance: Traceback (failure with no frames): <type 'exceptions.TypeError'>: int() argument must be a string or a number, not 'NoneType'
]
2019-04-06 17:49:13 INFO Initiating Connection to Server.
2019-04-06 17:49:13 INFO Connected.
2019-04-06 17:49:13 INFO Resetting reconnection delay
2019-04-06 17:49:21 INFO Lost connection.  Reason: [Failure instance: Traceback (failure with no frames): <type 'exceptions.TypeError'>: int() argument must be a string or a number, not 'NoneType'
]
2019-04-06 17:49:23 INFO Initiating Connection to Server.
2019-04-06 17:49:23 INFO Connected.
2019-04-06 17:49:23 INFO Resetting reconnection delay
2019-04-06 17:49:31 INFO Lost connection.  Reason: [Failure instance: Traceback (failure with no frames): <type 'exceptions.TypeError'>: int() argument must be a string or a number, not 'NoneType'
]
2019-04-06 17:49:34 INFO Initiating Connection to Server.
2019-04-06 17:49:34 INFO Connected.
2019-04-06 17:49:34 INFO Resetting reconnection delay
2019-04-06 17:49:41 INFO Lost connection.  Reason: [Failure instance: Traceback (failure with no frames): <type 'exceptions.TypeError'>: int() argument must be a string or a number, not 'NoneType'
]
2019-04-06 17:49:44 INFO Initiating Connection to Server.
2019-04-06 17:49:44 INFO Connected.
2019-04-06 17:49:44 INFO Resetting reconnection delay
2019-04-06 17:52:29 INFO web_tables.py starting up
2019-04-06 17:52:29 INFO 

Copyright (c) 2016, 2017, 2018, 2019
	The Regents of the K0USY Group. All rights reserved.

2019-04-06 17:52:29 INFO ID ALIAS MAPPER: 'peer_ids.json' is current, not downloaded
2019-04-06 17:52:29 INFO ID ALIAS MAPPER: 'subscriber_ids.json' is current, not downloaded
2019-04-06 17:52:29 INFO ID ALIAS MAPPER: peer_ids dictionary is available
2019-04-06 17:52:35 INFO ID ALIAS MAPPER: subscriber_ids dictionary is available
2019-04-06 17:52:37 INFO CLIENT TIMEOUT: List does not exist, skipping. If this message persists, contact the developer
2019-04-06 17:52:37 INFO reportClient object for connecting to HBlink.py created at: <__main__.reportClientFactory instance at 0x7fdba96c57a0>
2019-04-06 17:52:37 INFO Initiating Connection to Server.
2019-04-06 17:52:37 INFO Connected.
2019-04-06 17:52:37 INFO Resetting reconnection delay
2019-04-06 17:55:21 INFO web_tables.py starting up
2019-04-06 17:55:21 INFO 

Copyright (c) 2016, 2017, 2018, 2019
	The Regents of the K0USY Group. All rights reserved.

2019-04-06 17:55:21 INFO ID ALIAS MAPPER: 'peer_ids.json' is current, not downloaded
2019-04-06 17:55:21 INFO ID ALIAS MAPPER: 'subscriber_ids.json' is current, not downloaded
2019-04-06 17:55:22 INFO ID ALIAS MAPPER: peer_ids dictionary is available
2019-04-06 17:55:26 INFO ID ALIAS MAPPER: subscriber_ids dictionary is available
2019-04-06 17:55:27 INFO CLIENT TIMEOUT: List does not exist, skipping. If this message persists, contact the developer
2019-04-06 17:55:27 INFO reportClient object for connecting to HBlink.py created at: <__main__.reportClientFactory instance at 0x7fa96af0d7a0>
2019-04-06 17:55:27 INFO Initiating Connection to Server.
2019-04-06 17:55:27 INFO Connected.
2019-04-06 17:55:27 INFO Resetting reconnection delay
2019-04-06 17:55:43 INFO Client connecting: tcp4:127.0.0.1:60354
2019-04-06 17:55:43 INFO WebSocket connection open.
2019-04-06 17:55:43 INFO registered client tcp4:127.0.0.1:60354
2019-04-06 18:00:47 INFO TIMEOUT: disconnecting client 1554566143.18
2019-04-06 18:00:47 INFO WebSocket connection closed: None
2019-04-06 18:00:47 INFO unregistered client tcp4:127.0.0.1:60354
2019-04-06 18:08:21 INFO static website requested: <Request at 0x7fa96eb13fc8 method=GET uri=/ clientproto=HTTP/1.1>
2019-04-06 18:08:22 INFO Client connecting: tcp4:127.0.0.1:60384
2019-04-06 18:08:22 INFO WebSocket connection open.
2019-04-06 18:08:22 INFO registered client tcp4:127.0.0.1:60384
2019-04-06 18:11:35 INFO WebSocket connection closed: connection was closed uncleanly (peer dropped the TCP connection without previous WebSocket closing handshake)
2019-04-06 18:11:35 INFO unregistered client tcp4:127.0.0.1:60384
